{"C:\\Users\\User\\file\\wasteless\\server\\app.js": {"path":"C:\\Users\\User\\file\\wasteless\\server\\app.js","statementMap":{"0":{"start":{"line":1,"column":25},"end":{"line":1,"column":50}},"1":{"start":{"line":2,"column":34},"end":{"line":2,"column":70}},"2":{"start":{"line":3,"column":33},"end":{"line":3,"column":65}},"3":{"start":{"line":4,"column":40},"end":{"line":4,"column":79}},"4":{"start":{"line":5,"column":25},"end":{"line":5,"column":50}},"5":{"start":{"line":6,"column":24},"end":{"line":6,"column":47}},"6":{"start":{"line":7,"column":19},"end":{"line":7,"column":51}},"7":{"start":{"line":8,"column":23},"end":{"line":8,"column":60}},"8":{"start":{"line":9,"column":19},"end":{"line":9,"column":52}},"9":{"start":{"line":11,"column":13},"end":{"line":23,"column":2}},"10":{"start":{"line":25,"column":15},"end":{"line":28,"column":2}},"11":{"start":{"line":48,"column":0},"end":{"line":48,"column":35}}},"fnMap":{"0":{"name":"start","decl":{"start":{"line":30,"column":15},"end":{"line":30,"column":20}},"loc":{"start":{"line":30,"column":26},"end":{"line":45,"column":1}},"line":30}},"branchMap":{},"s":{"0":4,"1":4,"2":4,"3":4,"4":4,"5":4,"6":4,"7":4,"8":4,"9":4,"10":4,"11":4},"f":{"0":0},"b":{},"_coverageSchema":"1a1c01bbd47fc00a2c39e90264f33305004495a9","hash":"08e81f8c40d567dfaf9f6d394e152495dd16148a"}
,"C:\\Users\\User\\file\\wasteless\\server\\config\\mongo.js": {"path":"C:\\Users\\User\\file\\wasteless\\server\\config\\mongo.js","statementMap":{"0":{"start":{"line":1,"column":42},"end":{"line":1,"column":60}},"1":{"start":{"line":3,"column":2},"end":{"line":4,"column":111}},"2":{"start":{"line":8,"column":0},"end":{"line":14,"column":1}},"3":{"start":{"line":9,"column":2},"end":{"line":13,"column":4}},"4":{"start":{"line":19,"column":15},"end":{"line":19,"column":44}},"5":{"start":{"line":20,"column":19},"end":{"line":22,"column":1}},"6":{"start":{"line":24,"column":9},"end":{"line":24,"column":13}},"7":{"start":{"line":27,"column":21},"end":{"line":42,"column":1}},"8":{"start":{"line":44,"column":20},"end":{"line":46,"column":1}},"9":{"start":{"line":45,"column":2},"end":{"line":45,"column":12}},"10":{"start":{"line":48,"column":17},"end":{"line":50,"column":1}},"11":{"start":{"line":52,"column":0},"end":{"line":52,"column":65}}},"fnMap":{"0":{"name":"(anonymous_0)","decl":{"start":{"line":27,"column":21},"end":{"line":27,"column":22}},"loc":{"start":{"line":27,"column":36},"end":{"line":42,"column":1}},"line":27},"1":{"name":"(anonymous_1)","decl":{"start":{"line":44,"column":20},"end":{"line":44,"column":21}},"loc":{"start":{"line":44,"column":26},"end":{"line":46,"column":1}},"line":44},"2":{"name":"(anonymous_2)","decl":{"start":{"line":48,"column":17},"end":{"line":48,"column":18}},"loc":{"start":{"line":48,"column":23},"end":{"line":50,"column":1}},"line":48}},"branchMap":{"0":{"loc":{"start":{"line":3,"column":2},"end":{"line":4,"column":111}},"type":"binary-expr","locations":[{"start":{"line":3,"column":2},"end":{"line":3,"column":23}},{"start":{"line":4,"column":2},"end":{"line":4,"column":111}}],"line":3},"1":{"loc":{"start":{"line":8,"column":0},"end":{"line":14,"column":1}},"type":"if","locations":[{"start":{"line":8,"column":0},"end":{"line":14,"column":1}},{"start":{},"end":{}}],"line":8}},"s":{"0":4,"1":4,"2":4,"3":4,"4":4,"5":4,"6":4,"7":4,"8":4,"9":0,"10":4,"11":4},"f":{"0":0,"1":0,"2":0},"b":{"0":[4,4],"1":[4,0]},"_coverageSchema":"1a1c01bbd47fc00a2c39e90264f33305004495a9","hash":"cb9cc54b1e556ff2c340081a40974e649f1c74c8"}
,"C:\\Users\\User\\file\\wasteless\\server\\helper\\bcrypt.js": {"path":"C:\\Users\\User\\file\\wasteless\\server\\helper\\bcrypt.js","statementMap":{"0":{"start":{"line":1,"column":15},"end":{"line":1,"column":34}},"1":{"start":{"line":3,"column":21},"end":{"line":3,"column":63}},"2":{"start":{"line":3,"column":35},"end":{"line":3,"column":63}},"3":{"start":{"line":4,"column":24},"end":{"line":4,"column":78}},"4":{"start":{"line":4,"column":44},"end":{"line":4,"column":78}},"5":{"start":{"line":6,"column":0},"end":{"line":6,"column":51}}},"fnMap":{"0":{"name":"(anonymous_0)","decl":{"start":{"line":3,"column":21},"end":{"line":3,"column":22}},"loc":{"start":{"line":3,"column":35},"end":{"line":3,"column":63}},"line":3},"1":{"name":"(anonymous_1)","decl":{"start":{"line":4,"column":24},"end":{"line":4,"column":25}},"loc":{"start":{"line":4,"column":44},"end":{"line":4,"column":78}},"line":4}},"branchMap":{},"s":{"0":4,"1":4,"2":0,"3":4,"4":0,"5":4},"f":{"0":0,"1":0},"b":{},"_coverageSchema":"1a1c01bbd47fc00a2c39e90264f33305004495a9","hash":"6c58b90152eb0abb926fcfae9f9948d996e422c3"}
,"C:\\Users\\User\\file\\wasteless\\server\\helper\\jwt.js": {"path":"C:\\Users\\User\\file\\wasteless\\server\\helper\\jwt.js","statementMap":{"0":{"start":{"line":1,"column":12},"end":{"line":1,"column":35}},"1":{"start":{"line":3,"column":18},"end":{"line":3,"column":59}},"2":{"start":{"line":3,"column":31},"end":{"line":3,"column":59}},"3":{"start":{"line":4,"column":20},"end":{"line":4,"column":73}},"4":{"start":{"line":4,"column":38},"end":{"line":4,"column":73}},"5":{"start":{"line":6,"column":0},"end":{"line":6,"column":44}}},"fnMap":{"0":{"name":"(anonymous_0)","decl":{"start":{"line":3,"column":18},"end":{"line":3,"column":19}},"loc":{"start":{"line":3,"column":31},"end":{"line":3,"column":59}},"line":3},"1":{"name":"(anonymous_1)","decl":{"start":{"line":4,"column":20},"end":{"line":4,"column":21}},"loc":{"start":{"line":4,"column":38},"end":{"line":4,"column":73}},"line":4}},"branchMap":{},"s":{"0":4,"1":4,"2":0,"3":4,"4":0,"5":4},"f":{"0":0,"1":0},"b":{},"_coverageSchema":"1a1c01bbd47fc00a2c39e90264f33305004495a9","hash":"7e5d091e45cc8dea8ffaa098d8fa0da25b0e2f4e"}
,"C:\\Users\\User\\file\\wasteless\\server\\schemas\\categoriesSchema.js": {"path":"C:\\Users\\User\\file\\wasteless\\server\\schemas\\categoriesSchema.js","statementMap":{"0":{"start":{"line":1,"column":21},"end":{"line":1,"column":39}},"1":{"start":{"line":2,"column":26},"end":{"line":2,"column":52}},"2":{"start":{"line":4,"column":17},"end":{"line":23,"column":1}},"3":{"start":{"line":25,"column":18},"end":{"line":80,"column":1}},"4":{"start":{"line":82,"column":0},"end":{"line":82,"column":41}}},"fnMap":{},"branchMap":{},"s":{"0":4,"1":4,"2":4,"3":4,"4":4},"f":{},"b":{},"_coverageSchema":"1a1c01bbd47fc00a2c39e90264f33305004495a9","hash":"622cb3c48818d7d2fd5b94cc9b1151e30b5d75dd"}
,"C:\\Users\\User\\file\\wasteless\\server\\schemas\\postsSchemas.js": {"path":"C:\\Users\\User\\file\\wasteless\\server\\schemas\\postsSchemas.js","statementMap":{"0":{"start":{"line":1,"column":21},"end":{"line":1,"column":39}},"1":{"start":{"line":2,"column":21},"end":{"line":2,"column":47}},"2":{"start":{"line":4,"column":17},"end":{"line":38,"column":1}},"3":{"start":{"line":40,"column":18},"end":{"line":101,"column":1}},"4":{"start":{"line":103,"column":0},"end":{"line":103,"column":41}}},"fnMap":{},"branchMap":{},"s":{"0":4,"1":4,"2":4,"3":4,"4":4},"f":{},"b":{},"_coverageSchema":"1a1c01bbd47fc00a2c39e90264f33305004495a9","hash":"0c9f4b77967ff348037a4a8ca5264e1d04a0bc76"}
,"C:\\Users\\User\\file\\wasteless\\server\\schemas\\usersSchema.js": {"path":"C:\\Users\\User\\file\\wasteless\\server\\schemas\\usersSchema.js","statementMap":{"0":{"start":{"line":1,"column":21},"end":{"line":1,"column":39}},"1":{"start":{"line":2,"column":21},"end":{"line":2,"column":47}},"2":{"start":{"line":3,"column":42},"end":{"line":3,"column":69}},"3":{"start":{"line":4,"column":22},"end":{"line":4,"column":46}},"4":{"start":{"line":6,"column":17},"end":{"line":38,"column":1}},"5":{"start":{"line":40,"column":18},"end":{"line":104,"column":1}},"6":{"start":{"line":106,"column":0},"end":{"line":106,"column":41}}},"fnMap":{},"branchMap":{},"s":{"0":4,"1":4,"2":4,"3":4,"4":4,"5":4,"6":4},"f":{},"b":{},"_coverageSchema":"1a1c01bbd47fc00a2c39e90264f33305004495a9","hash":"a34f8ac148ea2d9fd3054839dd8de64262d3a74d"}
}
