{"C:\\Users\\User\\file\\wasteless\\server\\app.js": {"path":"C:\\Users\\User\\file\\wasteless\\server\\app.js","statementMap":{"0":{"start":{"line":1,"column":25},"end":{"line":1,"column":50}},"1":{"start":{"line":2,"column":34},"end":{"line":2,"column":70}},"2":{"start":{"line":3,"column":33},"end":{"line":3,"column":65}},"3":{"start":{"line":7,"column":4},"end":{"line":7,"column":43}},"4":{"start":{"line":8,"column":25},"end":{"line":8,"column":50}},"5":{"start":{"line":9,"column":24},"end":{"line":9,"column":47}},"6":{"start":{"line":10,"column":19},"end":{"line":10,"column":51}},"7":{"start":{"line":11,"column":23},"end":{"line":11,"column":60}},"8":{"start":{"line":12,"column":19},"end":{"line":12,"column":52}},"9":{"start":{"line":14,"column":13},"end":{"line":26,"column":2}},"10":{"start":{"line":28,"column":15},"end":{"line":31,"column":2}},"11":{"start":{"line":34,"column":2},"end":{"line":34,"column":26}},"12":{"start":{"line":35,"column":2},"end":{"line":47,"column":5}},"13":{"start":{"line":38,"column":20},"end":{"line":38,"column":51}},"14":{"start":{"line":39,"column":17},"end":{"line":39,"column":19}},"15":{"start":{"line":40,"column":6},"end":{"line":42,"column":7}},"16":{"start":{"line":41,"column":8},"end":{"line":41,"column":34}},"17":{"start":{"line":43,"column":6},"end":{"line":43,"column":29}},"18":{"start":{"line":46,"column":4},"end":{"line":46,"column":47}},"19":{"start":{"line":51,"column":0},"end":{"line":51,"column":35}}},"fnMap":{"0":{"name":"start","decl":{"start":{"line":33,"column":15},"end":{"line":33,"column":20}},"loc":{"start":{"line":33,"column":26},"end":{"line":48,"column":1}},"line":33},"1":{"name":"(anonymous_1)","decl":{"start":{"line":37,"column":13},"end":{"line":37,"column":14}},"loc":{"start":{"line":37,"column":32},"end":{"line":44,"column":5}},"line":37},"2":{"name":"(anonymous_2)","decl":{"start":{"line":45,"column":10},"end":{"line":45,"column":11}},"loc":{"start":{"line":45,"column":23},"end":{"line":47,"column":3}},"line":45}},"branchMap":{"0":{"loc":{"start":{"line":36,"column":20},"end":{"line":36,"column":44}},"type":"binary-expr","locations":[{"start":{"line":36,"column":20},"end":{"line":36,"column":36}},{"start":{"line":36,"column":40},"end":{"line":36,"column":44}}],"line":36},"1":{"loc":{"start":{"line":38,"column":20},"end":{"line":38,"column":51}},"type":"binary-expr","locations":[{"start":{"line":38,"column":20},"end":{"line":38,"column":45}},{"start":{"line":38,"column":49},"end":{"line":38,"column":51}}],"line":38},"2":{"loc":{"start":{"line":40,"column":6},"end":{"line":42,"column":7}},"type":"if","locations":[{"start":{"line":40,"column":6},"end":{"line":42,"column":7}},{"start":{},"end":{}}],"line":40}},"s":{"0":4,"1":4,"2":4,"3":4,"4":4,"5":4,"6":4,"7":4,"8":4,"9":4,"10":4,"11":0,"12":0,"13":0,"14":0,"15":0,"16":0,"17":0,"18":0,"19":4},"f":{"0":0,"1":0,"2":0},"b":{"0":[0,0],"1":[0,0],"2":[0,0]},"_coverageSchema":"1a1c01bbd47fc00a2c39e90264f33305004495a9","hash":"51b5c036db056e5984b18ab931dae5ab345566b1"}
,"C:\\Users\\User\\file\\wasteless\\server\\config\\mongo.js": {"path":"C:\\Users\\User\\file\\wasteless\\server\\config\\mongo.js","statementMap":{"0":{"start":{"line":1,"column":42},"end":{"line":1,"column":60}},"1":{"start":{"line":3,"column":1},"end":{"line":4,"column":110}},"2":{"start":{"line":8,"column":0},"end":{"line":16,"column":1}},"3":{"start":{"line":9,"column":1},"end":{"line":13,"column":3}},"4":{"start":{"line":15,"column":1},"end":{"line":15,"column":14}},"5":{"start":{"line":18,"column":15},"end":{"line":18,"column":44}},"6":{"start":{"line":19,"column":19},"end":{"line":19,"column":145}},"7":{"start":{"line":21,"column":9},"end":{"line":21,"column":13}},"8":{"start":{"line":22,"column":21},"end":{"line":22,"column":25}},"9":{"start":{"line":24,"column":21},"end":{"line":40,"column":1}},"10":{"start":{"line":25,"column":1},"end":{"line":39,"column":2}},"11":{"start":{"line":26,"column":2},"end":{"line":30,"column":3}},"12":{"start":{"line":27,"column":3},"end":{"line":27,"column":29}},"13":{"start":{"line":29,"column":3},"end":{"line":29,"column":26}},"14":{"start":{"line":32,"column":19},"end":{"line":32,"column":41}},"15":{"start":{"line":33,"column":16},"end":{"line":33,"column":44}},"16":{"start":{"line":35,"column":2},"end":{"line":35,"column":16}},"17":{"start":{"line":36,"column":2},"end":{"line":36,"column":24}},"18":{"start":{"line":38,"column":2},"end":{"line":38,"column":21}},"19":{"start":{"line":42,"column":20},"end":{"line":44,"column":1}},"20":{"start":{"line":43,"column":1},"end":{"line":43,"column":11}},"21":{"start":{"line":46,"column":17},"end":{"line":48,"column":1}},"22":{"start":{"line":47,"column":1},"end":{"line":47,"column":23}},"23":{"start":{"line":50,"column":0},"end":{"line":50,"column":65}}},"fnMap":{"0":{"name":"(anonymous_0)","decl":{"start":{"line":24,"column":21},"end":{"line":24,"column":22}},"loc":{"start":{"line":24,"column":36},"end":{"line":40,"column":1}},"line":24},"1":{"name":"(anonymous_1)","decl":{"start":{"line":42,"column":20},"end":{"line":42,"column":21}},"loc":{"start":{"line":42,"column":26},"end":{"line":44,"column":1}},"line":42},"2":{"name":"(anonymous_2)","decl":{"start":{"line":46,"column":17},"end":{"line":46,"column":18}},"loc":{"start":{"line":46,"column":23},"end":{"line":48,"column":1}},"line":46}},"branchMap":{"0":{"loc":{"start":{"line":3,"column":1},"end":{"line":4,"column":110}},"type":"binary-expr","locations":[{"start":{"line":3,"column":1},"end":{"line":3,"column":22}},{"start":{"line":4,"column":1},"end":{"line":4,"column":110}}],"line":3},"1":{"loc":{"start":{"line":8,"column":0},"end":{"line":16,"column":1}},"type":"if","locations":[{"start":{"line":8,"column":0},"end":{"line":16,"column":1}},{"start":{"line":14,"column":7},"end":{"line":16,"column":1}}],"line":8},"2":{"loc":{"start":{"line":26,"column":2},"end":{"line":30,"column":3}},"type":"if","locations":[{"start":{"line":26,"column":2},"end":{"line":30,"column":3}},{"start":{"line":28,"column":9},"end":{"line":30,"column":3}}],"line":26}},"s":{"0":4,"1":4,"2":4,"3":4,"4":0,"5":4,"6":4,"7":4,"8":4,"9":4,"10":0,"11":0,"12":0,"13":0,"14":0,"15":0,"16":0,"17":0,"18":0,"19":4,"20":0,"21":4,"22":0,"23":4},"f":{"0":0,"1":0,"2":0},"b":{"0":[4,4],"1":[4,0],"2":[0,0]},"_coverageSchema":"1a1c01bbd47fc00a2c39e90264f33305004495a9","hash":"edcae0d5fcfe96003c857cd35124f15191f840d6"}
,"C:\\Users\\User\\file\\wasteless\\server\\helper\\bcrypt.js": {"path":"C:\\Users\\User\\file\\wasteless\\server\\helper\\bcrypt.js","statementMap":{"0":{"start":{"line":1,"column":15},"end":{"line":1,"column":34}},"1":{"start":{"line":3,"column":21},"end":{"line":5,"column":1}},"2":{"start":{"line":4,"column":2},"end":{"line":4,"column":38}},"3":{"start":{"line":6,"column":24},"end":{"line":8,"column":1}},"4":{"start":{"line":7,"column":2},"end":{"line":7,"column":44}},"5":{"start":{"line":10,"column":0},"end":{"line":10,"column":51}}},"fnMap":{"0":{"name":"(anonymous_0)","decl":{"start":{"line":3,"column":21},"end":{"line":3,"column":22}},"loc":{"start":{"line":3,"column":35},"end":{"line":5,"column":1}},"line":3},"1":{"name":"(anonymous_1)","decl":{"start":{"line":6,"column":24},"end":{"line":6,"column":25}},"loc":{"start":{"line":6,"column":44},"end":{"line":8,"column":1}},"line":6}},"branchMap":{},"s":{"0":4,"1":4,"2":0,"3":4,"4":0,"5":4},"f":{"0":0,"1":0},"b":{},"_coverageSchema":"1a1c01bbd47fc00a2c39e90264f33305004495a9","hash":"be27ea344e92f12dc38737eb9255d25cb7143258"}
,"C:\\Users\\User\\file\\wasteless\\server\\helper\\jwt.js": {"path":"C:\\Users\\User\\file\\wasteless\\server\\helper\\jwt.js","statementMap":{"0":{"start":{"line":1,"column":12},"end":{"line":1,"column":35}},"1":{"start":{"line":3,"column":18},"end":{"line":5,"column":1}},"2":{"start":{"line":4,"column":1},"end":{"line":4,"column":67}},"3":{"start":{"line":6,"column":20},"end":{"line":8,"column":1}},"4":{"start":{"line":7,"column":1},"end":{"line":7,"column":67}},"5":{"start":{"line":10,"column":0},"end":{"line":10,"column":44}}},"fnMap":{"0":{"name":"(anonymous_0)","decl":{"start":{"line":3,"column":18},"end":{"line":3,"column":19}},"loc":{"start":{"line":3,"column":31},"end":{"line":5,"column":1}},"line":3},"1":{"name":"(anonymous_1)","decl":{"start":{"line":6,"column":20},"end":{"line":6,"column":21}},"loc":{"start":{"line":6,"column":31},"end":{"line":8,"column":1}},"line":6}},"branchMap":{"0":{"loc":{"start":{"line":4,"column":26},"end":{"line":4,"column":65}},"type":"binary-expr","locations":[{"start":{"line":4,"column":26},"end":{"line":4,"column":48}},{"start":{"line":4,"column":52},"end":{"line":4,"column":65}}],"line":4},"1":{"loc":{"start":{"line":7,"column":26},"end":{"line":7,"column":65}},"type":"binary-expr","locations":[{"start":{"line":7,"column":26},"end":{"line":7,"column":48}},{"start":{"line":7,"column":52},"end":{"line":7,"column":65}}],"line":7}},"s":{"0":4,"1":4,"2":0,"3":4,"4":0,"5":4},"f":{"0":0,"1":0},"b":{"0":[0,0],"1":[0,0]},"_coverageSchema":"1a1c01bbd47fc00a2c39e90264f33305004495a9","hash":"10a56fcc84622b5c8247166be4b6dcad9b874d4e"}
,"C:\\Users\\User\\file\\wasteless\\server\\schemas\\categoriesSchema.js": {"path":"C:\\Users\\User\\file\\wasteless\\server\\schemas\\categoriesSchema.js","statementMap":{"0":{"start":{"line":1,"column":21},"end":{"line":1,"column":39}},"1":{"start":{"line":2,"column":26},"end":{"line":2,"column":52}},"2":{"start":{"line":4,"column":17},"end":{"line":23,"column":1}},"3":{"start":{"line":25,"column":18},"end":{"line":85,"column":1}},"4":{"start":{"line":28,"column":6},"end":{"line":35,"column":7}},"5":{"start":{"line":29,"column":35},"end":{"line":29,"column":56}},"6":{"start":{"line":30,"column":27},"end":{"line":30,"column":68}},"7":{"start":{"line":32,"column":8},"end":{"line":32,"column":26}},"8":{"start":{"line":34,"column":8},"end":{"line":34,"column":27}},"9":{"start":{"line":38,"column":6},"end":{"line":47,"column":7}},"10":{"start":{"line":39,"column":35},"end":{"line":39,"column":56}},"11":{"start":{"line":40,"column":25},"end":{"line":42,"column":10}},"12":{"start":{"line":44,"column":8},"end":{"line":44,"column":24}},"13":{"start":{"line":46,"column":8},"end":{"line":46,"column":27}},"14":{"start":{"line":52,"column":6},"end":{"line":58,"column":24}},"15":{"start":{"line":53,"column":32},"end":{"line":53,"column":47}},"16":{"start":{"line":54,"column":35},"end":{"line":54,"column":56}},"17":{"start":{"line":55,"column":8},"end":{"line":55,"column":60}},"18":{"start":{"line":57,"column":8},"end":{"line":57,"column":58}},"19":{"start":{"line":61,"column":6},"end":{"line":72,"column":7}},"20":{"start":{"line":62,"column":32},"end":{"line":62,"column":47}},"21":{"start":{"line":63,"column":35},"end":{"line":63,"column":56}},"22":{"start":{"line":64,"column":8},"end":{"line":67,"column":10}},"23":{"start":{"line":69,"column":8},"end":{"line":69,"column":59}},"24":{"start":{"line":71,"column":8},"end":{"line":71,"column":27}},"25":{"start":{"line":75,"column":6},"end":{"line":82,"column":7}},"26":{"start":{"line":76,"column":35},"end":{"line":76,"column":56}},"27":{"start":{"line":77,"column":8},"end":{"line":77,"column":73}},"28":{"start":{"line":79,"column":8},"end":{"line":79,"column":60}},"29":{"start":{"line":81,"column":8},"end":{"line":81,"column":27}},"30":{"start":{"line":87,"column":0},"end":{"line":87,"column":41}}},"fnMap":{"0":{"name":"(anonymous_0)","decl":{"start":{"line":27,"column":22},"end":{"line":27,"column":23}},"loc":{"start":{"line":27,"column":34},"end":{"line":36,"column":5}},"line":27},"1":{"name":"(anonymous_1)","decl":{"start":{"line":37,"column":21},"end":{"line":37,"column":22}},"loc":{"start":{"line":37,"column":51},"end":{"line":48,"column":5}},"line":37},"2":{"name":"(anonymous_2)","decl":{"start":{"line":51,"column":17},"end":{"line":51,"column":18}},"loc":{"start":{"line":51,"column":51},"end":{"line":59,"column":5}},"line":51},"3":{"name":"(anonymous_3)","decl":{"start":{"line":60,"column":18},"end":{"line":60,"column":19}},"loc":{"start":{"line":60,"column":65},"end":{"line":73,"column":5}},"line":60},"4":{"name":"(anonymous_4)","decl":{"start":{"line":74,"column":20},"end":{"line":74,"column":21}},"loc":{"start":{"line":74,"column":50},"end":{"line":83,"column":5}},"line":74}},"branchMap":{},"s":{"0":4,"1":4,"2":4,"3":4,"4":0,"5":0,"6":0,"7":0,"8":0,"9":0,"10":0,"11":0,"12":0,"13":0,"14":0,"15":0,"16":0,"17":0,"18":0,"19":0,"20":0,"21":0,"22":0,"23":0,"24":0,"25":0,"26":0,"27":0,"28":0,"29":0,"30":4},"f":{"0":0,"1":0,"2":0,"3":0,"4":0},"b":{},"_coverageSchema":"1a1c01bbd47fc00a2c39e90264f33305004495a9","hash":"4621a7ff3e9494ec554927c7f81daf49a6c7af5f"}
,"C:\\Users\\User\\file\\wasteless\\server\\schemas\\postsSchemas.js": {"path":"C:\\Users\\User\\file\\wasteless\\server\\schemas\\postsSchemas.js","statementMap":{"0":{"start":{"line":1,"column":21},"end":{"line":1,"column":39}},"1":{"start":{"line":2,"column":21},"end":{"line":2,"column":47}},"2":{"start":{"line":4,"column":17},"end":{"line":38,"column":1}},"3":{"start":{"line":40,"column":18},"end":{"line":104,"column":1}},"4":{"start":{"line":43,"column":6},"end":{"line":51,"column":7}},"5":{"start":{"line":44,"column":8},"end":{"line":44,"column":79}},"6":{"start":{"line":44,"column":45},"end":{"line":44,"column":79}},"7":{"start":{"line":45,"column":31},"end":{"line":45,"column":47}},"8":{"start":{"line":46,"column":22},"end":{"line":46,"column":59}},"9":{"start":{"line":48,"column":8},"end":{"line":48,"column":21}},"10":{"start":{"line":50,"column":8},"end":{"line":50,"column":27}},"11":{"start":{"line":54,"column":6},"end":{"line":64,"column":7}},"12":{"start":{"line":55,"column":8},"end":{"line":55,"column":79}},"13":{"start":{"line":55,"column":45},"end":{"line":55,"column":79}},"14":{"start":{"line":56,"column":31},"end":{"line":56,"column":47}},"15":{"start":{"line":57,"column":22},"end":{"line":59,"column":20}},"16":{"start":{"line":61,"column":8},"end":{"line":61,"column":21}},"17":{"start":{"line":63,"column":8},"end":{"line":63,"column":27}},"18":{"start":{"line":67,"column":6},"end":{"line":75,"column":7}},"19":{"start":{"line":68,"column":8},"end":{"line":68,"column":79}},"20":{"start":{"line":68,"column":45},"end":{"line":68,"column":79}},"21":{"start":{"line":69,"column":31},"end":{"line":69,"column":47}},"22":{"start":{"line":70,"column":21},"end":{"line":70,"column":77}},"23":{"start":{"line":72,"column":8},"end":{"line":72,"column":21}},"24":{"start":{"line":74,"column":8},"end":{"line":74,"column":27}},"25":{"start":{"line":80,"column":6},"end":{"line":85,"column":7}},"26":{"start":{"line":81,"column":8},"end":{"line":81,"column":79}},"27":{"start":{"line":81,"column":45},"end":{"line":81,"column":79}},"28":{"start":{"line":82,"column":31},"end":{"line":82,"column":47}},"29":{"start":{"line":84,"column":8},"end":{"line":84,"column":27}},"30":{"start":{"line":88,"column":6},"end":{"line":93,"column":7}},"31":{"start":{"line":89,"column":8},"end":{"line":89,"column":79}},"32":{"start":{"line":89,"column":45},"end":{"line":89,"column":79}},"33":{"start":{"line":90,"column":31},"end":{"line":90,"column":47}},"34":{"start":{"line":92,"column":8},"end":{"line":92,"column":27}},"35":{"start":{"line":96,"column":6},"end":{"line":101,"column":7}},"36":{"start":{"line":97,"column":8},"end":{"line":97,"column":79}},"37":{"start":{"line":97,"column":45},"end":{"line":97,"column":79}},"38":{"start":{"line":98,"column":31},"end":{"line":98,"column":47}},"39":{"start":{"line":100,"column":8},"end":{"line":100,"column":27}},"40":{"start":{"line":106,"column":0},"end":{"line":106,"column":41}}},"fnMap":{"0":{"name":"(anonymous_0)","decl":{"start":{"line":42,"column":17},"end":{"line":42,"column":18}},"loc":{"start":{"line":42,"column":29},"end":{"line":52,"column":5}},"line":42},"1":{"name":"(anonymous_1)","decl":{"start":{"line":53,"column":23},"end":{"line":53,"column":24}},"loc":{"start":{"line":53,"column":53},"end":{"line":65,"column":5}},"line":53},"2":{"name":"(anonymous_2)","decl":{"start":{"line":66,"column":17},"end":{"line":66,"column":18}},"loc":{"start":{"line":66,"column":43},"end":{"line":76,"column":5}},"line":66},"3":{"name":"(anonymous_3)","decl":{"start":{"line":79,"column":13},"end":{"line":79,"column":14}},"loc":{"start":{"line":79,"column":25},"end":{"line":86,"column":5}},"line":79},"4":{"name":"(anonymous_4)","decl":{"start":{"line":87,"column":14},"end":{"line":87,"column":15}},"loc":{"start":{"line":87,"column":26},"end":{"line":94,"column":5}},"line":87},"5":{"name":"(anonymous_5)","decl":{"start":{"line":95,"column":16},"end":{"line":95,"column":17}},"loc":{"start":{"line":95,"column":28},"end":{"line":102,"column":5}},"line":95}},"branchMap":{"0":{"loc":{"start":{"line":44,"column":8},"end":{"line":44,"column":79}},"type":"if","locations":[{"start":{"line":44,"column":8},"end":{"line":44,"column":79}},{"start":{},"end":{}}],"line":44},"1":{"loc":{"start":{"line":44,"column":12},"end":{"line":44,"column":43}},"type":"binary-expr","locations":[{"start":{"line":44,"column":12},"end":{"line":44,"column":25}},{"start":{"line":44,"column":29},"end":{"line":44,"column":43}}],"line":44},"2":{"loc":{"start":{"line":55,"column":8},"end":{"line":55,"column":79}},"type":"if","locations":[{"start":{"line":55,"column":8},"end":{"line":55,"column":79}},{"start":{},"end":{}}],"line":55},"3":{"loc":{"start":{"line":55,"column":12},"end":{"line":55,"column":43}},"type":"binary-expr","locations":[{"start":{"line":55,"column":12},"end":{"line":55,"column":25}},{"start":{"line":55,"column":29},"end":{"line":55,"column":43}}],"line":55},"4":{"loc":{"start":{"line":68,"column":8},"end":{"line":68,"column":79}},"type":"if","locations":[{"start":{"line":68,"column":8},"end":{"line":68,"column":79}},{"start":{},"end":{}}],"line":68},"5":{"loc":{"start":{"line":68,"column":12},"end":{"line":68,"column":43}},"type":"binary-expr","locations":[{"start":{"line":68,"column":12},"end":{"line":68,"column":25}},{"start":{"line":68,"column":29},"end":{"line":68,"column":43}}],"line":68},"6":{"loc":{"start":{"line":81,"column":8},"end":{"line":81,"column":79}},"type":"if","locations":[{"start":{"line":81,"column":8},"end":{"line":81,"column":79}},{"start":{},"end":{}}],"line":81},"7":{"loc":{"start":{"line":81,"column":12},"end":{"line":81,"column":43}},"type":"binary-expr","locations":[{"start":{"line":81,"column":12},"end":{"line":81,"column":25}},{"start":{"line":81,"column":29},"end":{"line":81,"column":43}}],"line":81},"8":{"loc":{"start":{"line":89,"column":8},"end":{"line":89,"column":79}},"type":"if","locations":[{"start":{"line":89,"column":8},"end":{"line":89,"column":79}},{"start":{},"end":{}}],"line":89},"9":{"loc":{"start":{"line":89,"column":12},"end":{"line":89,"column":43}},"type":"binary-expr","locations":[{"start":{"line":89,"column":12},"end":{"line":89,"column":25}},{"start":{"line":89,"column":29},"end":{"line":89,"column":43}}],"line":89},"10":{"loc":{"start":{"line":97,"column":8},"end":{"line":97,"column":79}},"type":"if","locations":[{"start":{"line":97,"column":8},"end":{"line":97,"column":79}},{"start":{},"end":{}}],"line":97},"11":{"loc":{"start":{"line":97,"column":12},"end":{"line":97,"column":43}},"type":"binary-expr","locations":[{"start":{"line":97,"column":12},"end":{"line":97,"column":25}},{"start":{"line":97,"column":29},"end":{"line":97,"column":43}}],"line":97}},"s":{"0":4,"1":4,"2":4,"3":4,"4":0,"5":0,"6":0,"7":0,"8":0,"9":0,"10":0,"11":0,"12":0,"13":0,"14":0,"15":0,"16":0,"17":0,"18":0,"19":0,"20":0,"21":0,"22":0,"23":0,"24":0,"25":0,"26":0,"27":0,"28":0,"29":0,"30":0,"31":0,"32":0,"33":0,"34":0,"35":0,"36":0,"37":0,"38":0,"39":0,"40":4},"f":{"0":0,"1":0,"2":0,"3":0,"4":0,"5":0},"b":{"0":[0,0],"1":[0,0],"2":[0,0],"3":[0,0],"4":[0,0],"5":[0,0],"6":[0,0],"7":[0,0],"8":[0,0],"9":[0,0],"10":[0,0],"11":[0,0]},"_coverageSchema":"1a1c01bbd47fc00a2c39e90264f33305004495a9","hash":"aa9511703bcfaffa969d3de4b637d9f60ac1451f"}
,"C:\\Users\\User\\file\\wasteless\\server\\schemas\\usersSchema.js": {"path":"C:\\Users\\User\\file\\wasteless\\server\\schemas\\usersSchema.js","statementMap":{"0":{"start":{"line":1,"column":21},"end":{"line":1,"column":39}},"1":{"start":{"line":2,"column":21},"end":{"line":2,"column":47}},"2":{"start":{"line":3,"column":42},"end":{"line":3,"column":69}},"3":{"start":{"line":4,"column":22},"end":{"line":4,"column":46}},"4":{"start":{"line":6,"column":17},"end":{"line":38,"column":1}},"5":{"start":{"line":40,"column":18},"end":{"line":112,"column":1}},"6":{"start":{"line":43,"column":6},"end":{"line":50,"column":7}},"7":{"start":{"line":44,"column":22},"end":{"line":44,"column":38}},"8":{"start":{"line":45,"column":21},"end":{"line":45,"column":68}},"9":{"start":{"line":47,"column":8},"end":{"line":47,"column":20}},"10":{"start":{"line":49,"column":8},"end":{"line":49,"column":27}},"11":{"start":{"line":53,"column":6},"end":{"line":78,"column":7}},"12":{"start":{"line":54,"column":36},"end":{"line":54,"column":43}},"13":{"start":{"line":55,"column":8},"end":{"line":57,"column":9}},"14":{"start":{"line":56,"column":10},"end":{"line":56,"column":57}},"15":{"start":{"line":58,"column":22},"end":{"line":58,"column":38}},"16":{"start":{"line":59,"column":21},"end":{"line":59,"column":51}},"17":{"start":{"line":61,"column":8},"end":{"line":63,"column":9}},"18":{"start":{"line":62,"column":10},"end":{"line":62,"column":57}},"19":{"start":{"line":65,"column":8},"end":{"line":67,"column":9}},"20":{"start":{"line":66,"column":10},"end":{"line":66,"column":57}},"21":{"start":{"line":69,"column":29},"end":{"line":69,"column":57}},"22":{"start":{"line":71,"column":8},"end":{"line":75,"column":10}},"23":{"start":{"line":77,"column":8},"end":{"line":77,"column":35}},"24":{"start":{"line":83,"column":6},"end":{"line":99,"column":7}},"25":{"start":{"line":84,"column":66},"end":{"line":84,"column":73}},"26":{"start":{"line":85,"column":8},"end":{"line":85,"column":42}},"27":{"start":{"line":87,"column":22},"end":{"line":87,"column":38}},"28":{"start":{"line":88,"column":23},"end":{"line":94,"column":10}},"29":{"start":{"line":96,"column":8},"end":{"line":96,"column":56}},"30":{"start":{"line":98,"column":8},"end":{"line":98,"column":27}},"31":{"start":{"line":102,"column":6},"end":{"line":109,"column":7}},"32":{"start":{"line":103,"column":22},"end":{"line":103,"column":38}},"33":{"start":{"line":104,"column":21},"end":{"line":104,"column":70}},"34":{"start":{"line":106,"column":8},"end":{"line":106,"column":43}},"35":{"start":{"line":108,"column":8},"end":{"line":108,"column":27}},"36":{"start":{"line":114,"column":0},"end":{"line":114,"column":41}}},"fnMap":{"0":{"name":"(anonymous_0)","decl":{"start":{"line":42,"column":17},"end":{"line":42,"column":18}},"loc":{"start":{"line":42,"column":43},"end":{"line":51,"column":5}},"line":42},"1":{"name":"(anonymous_1)","decl":{"start":{"line":52,"column":15},"end":{"line":52,"column":16}},"loc":{"start":{"line":52,"column":41},"end":{"line":79,"column":5}},"line":52},"2":{"name":"(anonymous_2)","decl":{"start":{"line":82,"column":18},"end":{"line":82,"column":19}},"loc":{"start":{"line":82,"column":44},"end":{"line":100,"column":5}},"line":82},"3":{"name":"(anonymous_3)","decl":{"start":{"line":101,"column":16},"end":{"line":101,"column":17}},"loc":{"start":{"line":101,"column":42},"end":{"line":110,"column":5}},"line":101}},"branchMap":{"0":{"loc":{"start":{"line":55,"column":8},"end":{"line":57,"column":9}},"type":"if","locations":[{"start":{"line":55,"column":8},"end":{"line":57,"column":9}},{"start":{},"end":{}}],"line":55},"1":{"loc":{"start":{"line":55,"column":12},"end":{"line":55,"column":31}},"type":"binary-expr","locations":[{"start":{"line":55,"column":12},"end":{"line":55,"column":18}},{"start":{"line":55,"column":22},"end":{"line":55,"column":31}}],"line":55},"2":{"loc":{"start":{"line":61,"column":8},"end":{"line":63,"column":9}},"type":"if","locations":[{"start":{"line":61,"column":8},"end":{"line":63,"column":9}},{"start":{},"end":{}}],"line":61},"3":{"loc":{"start":{"line":65,"column":8},"end":{"line":67,"column":9}},"type":"if","locations":[{"start":{"line":65,"column":8},"end":{"line":67,"column":9}},{"start":{},"end":{}}],"line":65}},"s":{"0":4,"1":4,"2":4,"3":4,"4":4,"5":4,"6":0,"7":0,"8":0,"9":0,"10":0,"11":0,"12":0,"13":0,"14":0,"15":0,"16":0,"17":0,"18":0,"19":0,"20":0,"21":0,"22":0,"23":0,"24":0,"25":0,"26":0,"27":0,"28":0,"29":0,"30":0,"31":0,"32":0,"33":0,"34":0,"35":0,"36":4},"f":{"0":0,"1":0,"2":0,"3":0},"b":{"0":[0,0],"1":[0,0],"2":[0,0],"3":[0,0]},"_coverageSchema":"1a1c01bbd47fc00a2c39e90264f33305004495a9","hash":"0c8ab494ac2c83901c01ce1b4859f5b099f8ab51"}
}
