TN:
SF:app.js
FN:30,start
FNF:1
FNH:0
FNDA:0,start
DA:1,4
DA:2,4
DA:3,4
DA:4,4
DA:5,4
DA:6,4
DA:7,4
DA:8,4
DA:9,4
DA:11,4
DA:25,4
DA:48,4
LF:12
LH:12
BRF:0
BRH:0
end_of_record
TN:
SF:config\mongo.js
FN:27,(anonymous_0)
FN:44,(anonymous_1)
FN:48,(anonymous_2)
FNF:3
FNH:0
FNDA:0,(anonymous_0)
FNDA:0,(anonymous_1)
FNDA:0,(anonymous_2)
DA:1,4
DA:3,4
DA:8,4
DA:9,4
DA:19,4
DA:20,4
DA:24,4
DA:27,4
DA:44,4
DA:45,0
DA:48,4
DA:52,4
LF:12
LH:11
BRDA:3,0,0,4
BRDA:3,0,1,4
BRDA:8,1,0,4
BRDA:8,1,1,0
BRF:4
BRH:3
end_of_record
TN:
SF:helper\bcrypt.js
FN:3,(anonymous_0)
FN:4,(anonymous_1)
FNF:2
FNH:0
FNDA:0,(anonymous_0)
FNDA:0,(anonymous_1)
DA:1,4
DA:3,4
DA:4,4
DA:6,4
LF:4
LH:4
BRF:0
BRH:0
end_of_record
TN:
SF:helper\jwt.js
FN:3,(anonymous_0)
FN:4,(anonymous_1)
FNF:2
FNH:0
FNDA:0,(anonymous_0)
FNDA:0,(anonymous_1)
DA:1,4
DA:3,4
DA:4,4
DA:6,4
LF:4
LH:4
BRF:0
BRH:0
end_of_record
TN:
SF:schemas\categoriesSchema.js
FNF:0
FNH:0
DA:1,4
DA:2,4
DA:4,4
DA:25,4
DA:82,4
LF:5
LH:5
BRF:0
BRH:0
end_of_record
TN:
SF:schemas\postsSchemas.js
FNF:0
FNH:0
DA:1,4
DA:2,4
DA:4,4
DA:40,4
DA:103,4
LF:5
LH:5
BRF:0
BRH:0
end_of_record
TN:
SF:schemas\usersSchema.js
FNF:0
FNH:0
DA:1,4
DA:2,4
DA:3,4
DA:4,4
DA:6,4
DA:40,4
DA:106,4
LF:7
LH:7
BRF:0
BRH:0
end_of_record
