{"C:\\Users\\User\\file\\wasteless\\server\\services\\users\\app.js": {"path":"C:\\Users\\User\\file\\wasteless\\server\\services\\users\\app.js","statementMap":{"0":{"start":{"line":1,"column":0},"end":{"line":1,"column":70}},"1":{"start":{"line":1,"column":43},"end":{"line":1,"column":70}},"2":{"start":{"line":2,"column":16},"end":{"line":2,"column":34}},"3":{"start":{"line":3,"column":15},"end":{"line":3,"column":34}},"4":{"start":{"line":4,"column":13},"end":{"line":4,"column":28}},"5":{"start":{"line":5,"column":12},"end":{"line":5,"column":21}},"6":{"start":{"line":7,"column":0},"end":{"line":7,"column":16}},"7":{"start":{"line":8,"column":0},"end":{"line":8,"column":24}},"8":{"start":{"line":9,"column":0},"end":{"line":9,"column":48}},"9":{"start":{"line":11,"column":0},"end":{"line":13,"column":3}},"10":{"start":{"line":12,"column":2},"end":{"line":12,"column":55}},"11":{"start":{"line":15,"column":0},"end":{"line":15,"column":16}},"12":{"start":{"line":17,"column":0},"end":{"line":17,"column":21}}},"fnMap":{"0":{"name":"(anonymous_0)","decl":{"start":{"line":11,"column":13},"end":{"line":11,"column":14}},"loc":{"start":{"line":11,"column":27},"end":{"line":13,"column":1}},"line":11}},"branchMap":{"0":{"loc":{"start":{"line":1,"column":0},"end":{"line":1,"column":70}},"type":"if","locations":[{"start":{"line":1,"column":0},"end":{"line":1,"column":70}},{"start":{},"end":{}}],"line":1}},"s":{"0":1,"1":1,"2":1,"3":1,"4":1,"5":1,"6":1,"7":1,"8":1,"9":1,"10":0,"11":1,"12":1},"f":{"0":0},"b":{"0":[1,0]},"_coverageSchema":"1a1c01bbd47fc00a2c39e90264f33305004495a9","hash":"4d04d5ba86439b4d5fd64534e5b3082efda04d05"}
,"C:\\Users\\User\\file\\wasteless\\server\\services\\users\\config\\xendit.js": {"path":"C:\\Users\\User\\file\\wasteless\\server\\services\\users\\config\\xendit.js","statementMap":{"0":{"start":{"line":1,"column":15},"end":{"line":1,"column":37}},"1":{"start":{"line":2,"column":10},"end":{"line":5,"column":2}},"2":{"start":{"line":7,"column":20},"end":{"line":7,"column":21}},"3":{"start":{"line":8,"column":16},"end":{"line":8,"column":31}},"4":{"start":{"line":11,"column":2},"end":{"line":17,"column":5}},"5":{"start":{"line":20,"column":0},"end":{"line":20,"column":31}}},"fnMap":{"0":{"name":"(anonymous_0)","decl":{"start":{"line":10,"column":1},"end":{"line":10,"column":2}},"loc":{"start":{"line":10,"column":52},"end":{"line":18,"column":2}},"line":10}},"branchMap":{},"s":{"0":1,"1":1,"2":1,"3":1,"4":0,"5":1},"f":{"0":0},"b":{},"_coverageSchema":"1a1c01bbd47fc00a2c39e90264f33305004495a9","hash":"a28901a943f83d02af2e28ae77ac4b9ed5901993"}
,"C:\\Users\\User\\file\\wasteless\\server\\services\\users\\controllers\\transactionController.js": {"path":"C:\\Users\\User\\file\\wasteless\\server\\services\\users\\controllers\\transactionController.js","statementMap":{"0":{"start":{"line":1,"column":50},"end":{"line":1,"column":70}},"1":{"start":{"line":5,"column":26},"end":{"line":5,"column":34}},"2":{"start":{"line":6,"column":34},"end":{"line":6,"column":42}},"3":{"start":{"line":7,"column":17},"end":{"line":7,"column":26}},"4":{"start":{"line":8,"column":4},"end":{"line":49,"column":5}},"5":{"start":{"line":9,"column":21},"end":{"line":41,"column":8}},"6":{"start":{"line":10,"column":27},"end":{"line":10,"column":43}},"7":{"start":{"line":11,"column":28},"end":{"line":14,"column":9}},"8":{"start":{"line":16,"column":31},"end":{"line":27,"column":9}},"9":{"start":{"line":29,"column":8},"end":{"line":30,"column":83}},"10":{"start":{"line":30,"column":10},"end":{"line":30,"column":83}},"11":{"start":{"line":32,"column":8},"end":{"line":38,"column":10}},"12":{"start":{"line":40,"column":8},"end":{"line":40,"column":27}},"13":{"start":{"line":43,"column":6},"end":{"line":43,"column":39}},"14":{"start":{"line":45,"column":6},"end":{"line":45,"column":24}},"15":{"start":{"line":46,"column":6},"end":{"line":46,"column":18}},"16":{"start":{"line":48,"column":6},"end":{"line":48,"column":77}},"17":{"start":{"line":53,"column":19},"end":{"line":53,"column":29}},"18":{"start":{"line":54,"column":4},"end":{"line":78,"column":5}},"19":{"start":{"line":55,"column":30},"end":{"line":73,"column":8}},"20":{"start":{"line":75,"column":6},"end":{"line":75,"column":48}},"21":{"start":{"line":77,"column":6},"end":{"line":77,"column":18}},"22":{"start":{"line":82,"column":19},"end":{"line":82,"column":29}},"23":{"start":{"line":83,"column":4},"end":{"line":107,"column":5}},"24":{"start":{"line":84,"column":30},"end":{"line":102,"column":8}},"25":{"start":{"line":104,"column":6},"end":{"line":104,"column":48}},"26":{"start":{"line":106,"column":6},"end":{"line":106,"column":18}},"27":{"start":{"line":111,"column":0},"end":{"line":111,"column":28}}},"fnMap":{"0":{"name":"(anonymous_0)","decl":{"start":{"line":4,"column":2},"end":{"line":4,"column":3}},"loc":{"start":{"line":4,"column":38},"end":{"line":50,"column":3}},"line":4},"1":{"name":"(anonymous_1)","decl":{"start":{"line":9,"column":49},"end":{"line":9,"column":50}},"loc":{"start":{"line":9,"column":62},"end":{"line":41,"column":7}},"line":9},"2":{"name":"(anonymous_2)","decl":{"start":{"line":52,"column":2},"end":{"line":52,"column":3}},"loc":{"start":{"line":52,"column":43},"end":{"line":79,"column":3}},"line":52},"3":{"name":"(anonymous_3)","decl":{"start":{"line":81,"column":2},"end":{"line":81,"column":3}},"loc":{"start":{"line":81,"column":43},"end":{"line":108,"column":3}},"line":81}},"branchMap":{"0":{"loc":{"start":{"line":29,"column":8},"end":{"line":30,"column":83}},"type":"if","locations":[{"start":{"line":29,"column":8},"end":{"line":30,"column":83}},{"start":{},"end":{}}],"line":29}},"s":{"0":1,"1":0,"2":0,"3":0,"4":0,"5":0,"6":0,"7":0,"8":0,"9":0,"10":0,"11":0,"12":0,"13":0,"14":0,"15":0,"16":0,"17":0,"18":0,"19":0,"20":0,"21":0,"22":0,"23":0,"24":0,"25":0,"26":0,"27":1},"f":{"0":0,"1":0,"2":0,"3":0},"b":{"0":[0,0]},"_coverageSchema":"1a1c01bbd47fc00a2c39e90264f33305004495a9","hash":"194487a72a89f387d23c8a412e7d98e1d93a28f8"}
,"C:\\Users\\User\\file\\wasteless\\server\\services\\users\\controllers\\usersController.js": {"path":"C:\\Users\\User\\file\\wasteless\\server\\services\\users\\controllers\\usersController.js","statementMap":{"0":{"start":{"line":1,"column":28},"end":{"line":1,"column":56}},"1":{"start":{"line":2,"column":22},"end":{"line":2,"column":47}},"2":{"start":{"line":3,"column":28},"end":{"line":3,"column":48}},"3":{"start":{"line":4,"column":22},"end":{"line":4,"column":49}},"4":{"start":{"line":7,"column":4},"end":{"line":13,"column":5}},"5":{"start":{"line":8,"column":20},"end":{"line":8,"column":40}},"6":{"start":{"line":10,"column":6},"end":{"line":10,"column":41}},"7":{"start":{"line":12,"column":6},"end":{"line":12,"column":18}},"8":{"start":{"line":17,"column":19},"end":{"line":17,"column":29}},"9":{"start":{"line":18,"column":4},"end":{"line":23,"column":5}},"10":{"start":{"line":19,"column":19},"end":{"line":19,"column":42}},"11":{"start":{"line":20,"column":6},"end":{"line":20,"column":40}},"12":{"start":{"line":22,"column":6},"end":{"line":22,"column":18}},"13":{"start":{"line":27,"column":64},"end":{"line":27,"column":72}},"14":{"start":{"line":28,"column":4},"end":{"line":42,"column":5}},"15":{"start":{"line":29,"column":22},"end":{"line":35,"column":8}},"16":{"start":{"line":36,"column":6},"end":{"line":39,"column":9}},"17":{"start":{"line":41,"column":6},"end":{"line":41,"column":18}},"18":{"start":{"line":46,"column":32},"end":{"line":46,"column":40}},"19":{"start":{"line":47,"column":4},"end":{"line":59,"column":5}},"20":{"start":{"line":48,"column":24},"end":{"line":48,"column":64}},"21":{"start":{"line":50,"column":6},"end":{"line":52,"column":7}},"22":{"start":{"line":51,"column":8},"end":{"line":51,"column":78}},"23":{"start":{"line":54,"column":27},"end":{"line":54,"column":58}},"24":{"start":{"line":56,"column":6},"end":{"line":56,"column":52}},"25":{"start":{"line":58,"column":6},"end":{"line":58,"column":18}},"26":{"start":{"line":63,"column":4},"end":{"line":85,"column":5}},"27":{"start":{"line":64,"column":46},"end":{"line":64,"column":54}},"28":{"start":{"line":65,"column":6},"end":{"line":82,"column":7}},"29":{"start":{"line":66,"column":27},"end":{"line":70,"column":10}},"30":{"start":{"line":71,"column":8},"end":{"line":80,"column":10}},"31":{"start":{"line":81,"column":8},"end":{"line":81,"column":59}},"32":{"start":{"line":84,"column":6},"end":{"line":84,"column":18}},"33":{"start":{"line":89,"column":24},"end":{"line":89,"column":32}},"34":{"start":{"line":90,"column":19},"end":{"line":90,"column":27}},"35":{"start":{"line":91,"column":4},"end":{"line":112,"column":5}},"36":{"start":{"line":92,"column":21},"end":{"line":102,"column":8}},"37":{"start":{"line":93,"column":26},"end":{"line":93,"column":69}},"38":{"start":{"line":95,"column":30},"end":{"line":99,"column":9}},"39":{"start":{"line":101,"column":8},"end":{"line":101,"column":29}},"40":{"start":{"line":104,"column":6},"end":{"line":109,"column":9}},"41":{"start":{"line":111,"column":6},"end":{"line":111,"column":18}},"42":{"start":{"line":115,"column":4},"end":{"line":137,"column":5}},"43":{"start":{"line":116,"column":46},"end":{"line":116,"column":54}},"44":{"start":{"line":117,"column":6},"end":{"line":134,"column":7}},"45":{"start":{"line":118,"column":27},"end":{"line":122,"column":10}},"46":{"start":{"line":123,"column":8},"end":{"line":132,"column":10}},"47":{"start":{"line":133,"column":8},"end":{"line":133,"column":59}},"48":{"start":{"line":136,"column":6},"end":{"line":136,"column":18}},"49":{"start":{"line":141,"column":4},"end":{"line":141,"column":46}},"50":{"start":{"line":144,"column":4},"end":{"line":144,"column":16}},"51":{"start":{"line":147,"column":0},"end":{"line":147,"column":28}}},"fnMap":{"0":{"name":"(anonymous_0)","decl":{"start":{"line":6,"column":2},"end":{"line":6,"column":3}},"loc":{"start":{"line":6,"column":43},"end":{"line":14,"column":3}},"line":6},"1":{"name":"(anonymous_1)","decl":{"start":{"line":16,"column":2},"end":{"line":16,"column":3}},"loc":{"start":{"line":16,"column":43},"end":{"line":24,"column":3}},"line":16},"2":{"name":"(anonymous_2)","decl":{"start":{"line":26,"column":2},"end":{"line":26,"column":3}},"loc":{"start":{"line":26,"column":44},"end":{"line":43,"column":3}},"line":26},"3":{"name":"(anonymous_3)","decl":{"start":{"line":45,"column":2},"end":{"line":45,"column":3}},"loc":{"start":{"line":45,"column":41},"end":{"line":60,"column":3}},"line":45},"4":{"name":"(anonymous_4)","decl":{"start":{"line":62,"column":2},"end":{"line":62,"column":3}},"loc":{"start":{"line":62,"column":44},"end":{"line":86,"column":3}},"line":62},"5":{"name":"(anonymous_5)","decl":{"start":{"line":88,"column":2},"end":{"line":88,"column":3}},"loc":{"start":{"line":88,"column":44},"end":{"line":113,"column":3}},"line":88},"6":{"name":"(anonymous_6)","decl":{"start":{"line":92,"column":49},"end":{"line":92,"column":50}},"loc":{"start":{"line":92,"column":62},"end":{"line":102,"column":7}},"line":92},"7":{"name":"(anonymous_7)","decl":{"start":{"line":114,"column":2},"end":{"line":114,"column":3}},"loc":{"start":{"line":114,"column":44},"end":{"line":138,"column":3}},"line":114},"8":{"name":"(anonymous_8)","decl":{"start":{"line":140,"column":2},"end":{"line":140,"column":3}},"loc":{"start":{"line":140,"column":26},"end":{"line":142,"column":3}},"line":140},"9":{"name":"(anonymous_9)","decl":{"start":{"line":143,"column":2},"end":{"line":143,"column":3}},"loc":{"start":{"line":143,"column":15},"end":{"line":145,"column":3}},"line":143}},"branchMap":{"0":{"loc":{"start":{"line":50,"column":6},"end":{"line":52,"column":7}},"type":"if","locations":[{"start":{"line":50,"column":6},"end":{"line":52,"column":7}},{"start":{},"end":{}}],"line":50},"1":{"loc":{"start":{"line":50,"column":10},"end":{"line":50,"column":70}},"type":"binary-expr","locations":[{"start":{"line":50,"column":10},"end":{"line":50,"column":20}},{"start":{"line":50,"column":24},"end":{"line":50,"column":70}}],"line":50},"2":{"loc":{"start":{"line":65,"column":6},"end":{"line":82,"column":7}},"type":"if","locations":[{"start":{"line":65,"column":6},"end":{"line":82,"column":7}},{"start":{},"end":{}}],"line":65},"3":{"loc":{"start":{"line":117,"column":6},"end":{"line":134,"column":7}},"type":"if","locations":[{"start":{"line":117,"column":6},"end":{"line":134,"column":7}},{"start":{},"end":{}}],"line":117}},"s":{"0":1,"1":1,"2":1,"3":1,"4":1,"5":1,"6":1,"7":0,"8":1,"9":1,"10":1,"11":1,"12":0,"13":11,"14":11,"15":11,"16":1,"17":10,"18":6,"19":6,"20":6,"21":5,"22":4,"23":1,"24":1,"25":1,"26":0,"27":0,"28":0,"29":0,"30":0,"31":0,"32":0,"33":0,"34":0,"35":0,"36":0,"37":0,"38":0,"39":0,"40":0,"41":0,"42":0,"43":0,"44":0,"45":0,"46":0,"47":0,"48":0,"49":0,"50":0,"51":1},"f":{"0":1,"1":1,"2":11,"3":6,"4":0,"5":0,"6":0,"7":0,"8":0,"9":0},"b":{"0":[4,1],"1":[5,2],"2":[0,0],"3":[0,0]},"_coverageSchema":"1a1c01bbd47fc00a2c39e90264f33305004495a9","hash":"b6b0637c7e1927c6b4b6b85bffc9ceddc84c504f"}
,"C:\\Users\\User\\file\\wasteless\\server\\services\\users\\helpers\\bcrypt.js": {"path":"C:\\Users\\User\\file\\wasteless\\server\\services\\users\\helpers\\bcrypt.js","statementMap":{"0":{"start":{"line":1,"column":15},"end":{"line":1,"column":34}},"1":{"start":{"line":2,"column":13},"end":{"line":2,"column":34}},"2":{"start":{"line":4,"column":21},"end":{"line":4,"column":63}},"3":{"start":{"line":4,"column":35},"end":{"line":4,"column":63}},"4":{"start":{"line":5,"column":24},"end":{"line":5,"column":78}},"5":{"start":{"line":5,"column":44},"end":{"line":5,"column":78}},"6":{"start":{"line":7,"column":0},"end":{"line":7,"column":51}}},"fnMap":{"0":{"name":"(anonymous_0)","decl":{"start":{"line":4,"column":21},"end":{"line":4,"column":22}},"loc":{"start":{"line":4,"column":35},"end":{"line":4,"column":63}},"line":4},"1":{"name":"(anonymous_1)","decl":{"start":{"line":5,"column":24},"end":{"line":5,"column":25}},"loc":{"start":{"line":5,"column":44},"end":{"line":5,"column":78}},"line":5}},"branchMap":{"0":{"loc":{"start":{"line":2,"column":13},"end":{"line":2,"column":34}},"type":"binary-expr","locations":[{"start":{"line":2,"column":13},"end":{"line":2,"column":29}},{"start":{"line":2,"column":33},"end":{"line":2,"column":34}}],"line":2}},"s":{"0":1,"1":1,"2":1,"3":3,"4":1,"5":2,"6":1},"f":{"0":3,"1":2},"b":{"0":[1,0]},"_coverageSchema":"1a1c01bbd47fc00a2c39e90264f33305004495a9","hash":"a559f699f2a84cfa6be9bfc2b2250596ba5484f4"}
,"C:\\Users\\User\\file\\wasteless\\server\\services\\users\\helpers\\jwt.js": {"path":"C:\\Users\\User\\file\\wasteless\\server\\services\\users\\helpers\\jwt.js","statementMap":{"0":{"start":{"line":1,"column":12},"end":{"line":1,"column":35}},"1":{"start":{"line":2,"column":18},"end":{"line":2,"column":49}},"2":{"start":{"line":4,"column":18},"end":{"line":4,"column":59}},"3":{"start":{"line":4,"column":31},"end":{"line":4,"column":59}},"4":{"start":{"line":5,"column":20},"end":{"line":5,"column":73}},"5":{"start":{"line":5,"column":38},"end":{"line":5,"column":73}},"6":{"start":{"line":7,"column":0},"end":{"line":7,"column":44}}},"fnMap":{"0":{"name":"(anonymous_0)","decl":{"start":{"line":4,"column":18},"end":{"line":4,"column":19}},"loc":{"start":{"line":4,"column":31},"end":{"line":4,"column":59}},"line":4},"1":{"name":"(anonymous_1)","decl":{"start":{"line":5,"column":20},"end":{"line":5,"column":21}},"loc":{"start":{"line":5,"column":38},"end":{"line":5,"column":73}},"line":5}},"branchMap":{"0":{"loc":{"start":{"line":2,"column":18},"end":{"line":2,"column":49}},"type":"binary-expr","locations":[{"start":{"line":2,"column":18},"end":{"line":2,"column":36}},{"start":{"line":2,"column":40},"end":{"line":2,"column":49}}],"line":2}},"s":{"0":1,"1":1,"2":1,"3":1,"4":1,"5":1,"6":1},"f":{"0":1,"1":1},"b":{"0":[1,0]},"_coverageSchema":"1a1c01bbd47fc00a2c39e90264f33305004495a9","hash":"f67f15ae31175af54114816864799d4b25ef06f1"}
,"C:\\Users\\User\\file\\wasteless\\server\\services\\users\\middlewares\\authentication.js": {"path":"C:\\Users\\User\\file\\wasteless\\server\\services\\users\\middlewares\\authentication.js","statementMap":{"0":{"start":{"line":1,"column":24},"end":{"line":1,"column":49}},"1":{"start":{"line":2,"column":17},"end":{"line":2,"column":42}},"2":{"start":{"line":4,"column":23},"end":{"line":23,"column":1}},"3":{"start":{"line":5,"column":2},"end":{"line":22,"column":3}},"4":{"start":{"line":6,"column":29},"end":{"line":6,"column":40}},"5":{"start":{"line":7,"column":4},"end":{"line":9,"column":5}},"6":{"start":{"line":8,"column":6},"end":{"line":8,"column":37}},"7":{"start":{"line":10,"column":20},"end":{"line":10,"column":65}},"8":{"start":{"line":11,"column":17},"end":{"line":11,"column":49}},"9":{"start":{"line":12,"column":4},"end":{"line":12,"column":53}},"10":{"start":{"line":13,"column":4},"end":{"line":13,"column":46}},"11":{"start":{"line":13,"column":15},"end":{"line":13,"column":46}},"12":{"start":{"line":15,"column":4},"end":{"line":18,"column":6}},"13":{"start":{"line":19,"column":4},"end":{"line":19,"column":11}},"14":{"start":{"line":21,"column":4},"end":{"line":21,"column":16}},"15":{"start":{"line":25,"column":0},"end":{"line":25,"column":32}}},"fnMap":{"0":{"name":"(anonymous_0)","decl":{"start":{"line":4,"column":23},"end":{"line":4,"column":24}},"loc":{"start":{"line":4,"column":49},"end":{"line":23,"column":1}},"line":4}},"branchMap":{"0":{"loc":{"start":{"line":7,"column":4},"end":{"line":9,"column":5}},"type":"if","locations":[{"start":{"line":7,"column":4},"end":{"line":9,"column":5}},{"start":{},"end":{}}],"line":7},"1":{"loc":{"start":{"line":13,"column":4},"end":{"line":13,"column":46}},"type":"if","locations":[{"start":{"line":13,"column":4},"end":{"line":13,"column":46}},{"start":{},"end":{}}],"line":13}},"s":{"0":1,"1":1,"2":1,"3":1,"4":1,"5":1,"6":0,"7":1,"8":1,"9":0,"10":0,"11":0,"12":0,"13":0,"14":1,"15":1},"f":{"0":1},"b":{"0":[0,1],"1":[0,0]},"_coverageSchema":"1a1c01bbd47fc00a2c39e90264f33305004495a9","hash":"f3db6cc27e4d67f445cd6dba47dcf6a120004a7d"}
,"C:\\Users\\User\\file\\wasteless\\server\\services\\users\\middlewares\\errorHandler.js": {"path":"C:\\Users\\User\\file\\wasteless\\server\\services\\users\\middlewares\\errorHandler.js","statementMap":{"0":{"start":{"line":1,"column":21},"end":{"line":41,"column":1}},"1":{"start":{"line":2,"column":2},"end":{"line":2,"column":21}},"2":{"start":{"line":6,"column":2},"end":{"line":39,"column":3}},"3":{"start":{"line":9,"column":6},"end":{"line":9,"column":17}},"4":{"start":{"line":10,"column":6},"end":{"line":10,"column":53}},"5":{"start":{"line":10,"column":41},"end":{"line":10,"column":51}},"6":{"start":{"line":11,"column":6},"end":{"line":11,"column":12}},"7":{"start":{"line":14,"column":6},"end":{"line":14,"column":17}},"8":{"start":{"line":15,"column":6},"end":{"line":15,"column":30}},"9":{"start":{"line":16,"column":6},"end":{"line":16,"column":12}},"10":{"start":{"line":19,"column":6},"end":{"line":19,"column":17}},"11":{"start":{"line":20,"column":6},"end":{"line":20,"column":32}},"12":{"start":{"line":21,"column":6},"end":{"line":21,"column":12}},"13":{"start":{"line":23,"column":6},"end":{"line":23,"column":17}},"14":{"start":{"line":24,"column":6},"end":{"line":24,"column":45}},"15":{"start":{"line":25,"column":6},"end":{"line":25,"column":12}},"16":{"start":{"line":27,"column":6},"end":{"line":27,"column":17}},"17":{"start":{"line":28,"column":6},"end":{"line":28,"column":34}},"18":{"start":{"line":29,"column":6},"end":{"line":29,"column":12}},"19":{"start":{"line":31,"column":6},"end":{"line":31,"column":17}},"20":{"start":{"line":32,"column":6},"end":{"line":32,"column":53}},"21":{"start":{"line":33,"column":6},"end":{"line":33,"column":12}},"22":{"start":{"line":36,"column":6},"end":{"line":36,"column":17}},"23":{"start":{"line":37,"column":6},"end":{"line":37,"column":41}},"24":{"start":{"line":38,"column":6},"end":{"line":38,"column":12}},"25":{"start":{"line":40,"column":2},"end":{"line":40,"column":37}},"26":{"start":{"line":43,"column":0},"end":{"line":43,"column":30}}},"fnMap":{"0":{"name":"(anonymous_0)","decl":{"start":{"line":1,"column":21},"end":{"line":1,"column":22}},"loc":{"start":{"line":1,"column":48},"end":{"line":41,"column":1}},"line":1},"1":{"name":"(anonymous_1)","decl":{"start":{"line":10,"column":33},"end":{"line":10,"column":34}},"loc":{"start":{"line":10,"column":41},"end":{"line":10,"column":51}},"line":10}},"branchMap":{"0":{"loc":{"start":{"line":6,"column":2},"end":{"line":39,"column":3}},"type":"switch","locations":[{"start":{"line":7,"column":4},"end":{"line":7,"column":36}},{"start":{"line":8,"column":4},"end":{"line":11,"column":12}},{"start":{"line":12,"column":4},"end":{"line":12,"column":35}},{"start":{"line":13,"column":4},"end":{"line":16,"column":12}},{"start":{"line":17,"column":4},"end":{"line":17,"column":29}},{"start":{"line":18,"column":4},"end":{"line":21,"column":12}},{"start":{"line":22,"column":4},"end":{"line":25,"column":12}},{"start":{"line":26,"column":4},"end":{"line":29,"column":12}},{"start":{"line":30,"column":4},"end":{"line":33,"column":12}},{"start":{"line":35,"column":4},"end":{"line":38,"column":12}}],"line":6}},"s":{"0":1,"1":12,"2":12,"3":10,"4":10,"5":11,"6":10,"7":0,"8":0,"9":0,"10":0,"11":0,"12":0,"13":0,"14":0,"15":0,"16":0,"17":0,"18":0,"19":0,"20":0,"21":0,"22":2,"23":2,"24":2,"25":12,"26":1},"f":{"0":12,"1":11},"b":{"0":[8,10,0,0,0,0,0,0,0,2]},"_coverageSchema":"1a1c01bbd47fc00a2c39e90264f33305004495a9","hash":"0704c2a20c01151534baaab34b5efbbf46ca4496"}
,"C:\\Users\\User\\file\\wasteless\\server\\services\\users\\models\\history.js": {"path":"C:\\Users\\User\\file\\wasteless\\server\\services\\users\\models\\history.js","statementMap":{"0":{"start":{"line":4,"column":4},"end":{"line":4,"column":24}},"1":{"start":{"line":5,"column":0},"end":{"line":26,"column":2}},"2":{"start":{"line":16,"column":2},"end":{"line":24,"column":5}},"3":{"start":{"line":25,"column":2},"end":{"line":25,"column":17}}},"fnMap":{"0":{"name":"(anonymous_0)","decl":{"start":{"line":5,"column":17},"end":{"line":5,"column":18}},"loc":{"start":{"line":5,"column":43},"end":{"line":26,"column":1}},"line":5},"1":{"name":"(anonymous_1)","decl":{"start":{"line":12,"column":4},"end":{"line":12,"column":5}},"loc":{"start":{"line":12,"column":29},"end":{"line":14,"column":5}},"line":12}},"branchMap":{},"s":{"0":1,"1":1,"2":1,"3":1},"f":{"0":1,"1":1},"b":{},"_coverageSchema":"1a1c01bbd47fc00a2c39e90264f33305004495a9","hash":"89cce72f1f7625a83e69b99a1664869a5f9613f1"}
,"C:\\Users\\User\\file\\wasteless\\server\\services\\users\\models\\index.js": {"path":"C:\\Users\\User\\file\\wasteless\\server\\services\\users\\models\\index.js","statementMap":{"0":{"start":{"line":3,"column":11},"end":{"line":3,"column":24}},"1":{"start":{"line":4,"column":13},"end":{"line":4,"column":28}},"2":{"start":{"line":5,"column":18},"end":{"line":5,"column":38}},"3":{"start":{"line":6,"column":17},"end":{"line":6,"column":42}},"4":{"start":{"line":7,"column":12},"end":{"line":7,"column":49}},"5":{"start":{"line":8,"column":15},"end":{"line":8,"column":65}},"6":{"start":{"line":9,"column":11},"end":{"line":9,"column":13}},"7":{"start":{"line":12,"column":0},"end":{"line":21,"column":1}},"8":{"start":{"line":13,"column":2},"end":{"line":13,"column":74}},"9":{"start":{"line":15,"column":2},"end":{"line":20,"column":4}},"10":{"start":{"line":23,"column":0},"end":{"line":35,"column":5}},"11":{"start":{"line":25,"column":4},"end":{"line":27,"column":6}},"12":{"start":{"line":30,"column":18},"end":{"line":33,"column":5}},"13":{"start":{"line":34,"column":4},"end":{"line":34,"column":27}},"14":{"start":{"line":37,"column":0},"end":{"line":41,"column":3}},"15":{"start":{"line":38,"column":2},"end":{"line":40,"column":3}},"16":{"start":{"line":39,"column":4},"end":{"line":39,"column":32}},"17":{"start":{"line":43,"column":0},"end":{"line":43,"column":25}},"18":{"start":{"line":44,"column":0},"end":{"line":44,"column":25}},"19":{"start":{"line":46,"column":0},"end":{"line":46,"column":20}}},"fnMap":{"0":{"name":"(anonymous_0)","decl":{"start":{"line":24,"column":10},"end":{"line":24,"column":11}},"loc":{"start":{"line":24,"column":20},"end":{"line":28,"column":3}},"line":24},"1":{"name":"(anonymous_1)","decl":{"start":{"line":29,"column":11},"end":{"line":29,"column":12}},"loc":{"start":{"line":29,"column":21},"end":{"line":35,"column":3}},"line":29},"2":{"name":"(anonymous_2)","decl":{"start":{"line":37,"column":24},"end":{"line":37,"column":25}},"loc":{"start":{"line":37,"column":39},"end":{"line":41,"column":1}},"line":37}},"branchMap":{"0":{"loc":{"start":{"line":7,"column":12},"end":{"line":7,"column":49}},"type":"binary-expr","locations":[{"start":{"line":7,"column":12},"end":{"line":7,"column":32}},{"start":{"line":7,"column":36},"end":{"line":7,"column":49}}],"line":7},"1":{"loc":{"start":{"line":12,"column":0},"end":{"line":21,"column":1}},"type":"if","locations":[{"start":{"line":12,"column":0},"end":{"line":21,"column":1}},{"start":{"line":14,"column":7},"end":{"line":21,"column":1}}],"line":12},"2":{"loc":{"start":{"line":26,"column":6},"end":{"line":26,"column":78}},"type":"binary-expr","locations":[{"start":{"line":26,"column":6},"end":{"line":26,"column":29}},{"start":{"line":26,"column":33},"end":{"line":26,"column":50}},{"start":{"line":26,"column":54},"end":{"line":26,"column":78}}],"line":26},"3":{"loc":{"start":{"line":38,"column":2},"end":{"line":40,"column":3}},"type":"if","locations":[{"start":{"line":38,"column":2},"end":{"line":40,"column":3}},{"start":{},"end":{}}],"line":38}},"s":{"0":1,"1":1,"2":1,"3":1,"4":1,"5":1,"6":1,"7":1,"8":0,"9":1,"10":1,"11":4,"12":3,"13":3,"14":1,"15":3,"16":3,"17":1,"18":1,"19":1},"f":{"0":4,"1":3,"2":3},"b":{"0":[1,0],"1":[0,1],"2":[4,4,3],"3":[3,0]},"_coverageSchema":"1a1c01bbd47fc00a2c39e90264f33305004495a9","hash":"228d6968c044e229ea0a7c1d3850443c762f2cc2"}
,"C:\\Users\\User\\file\\wasteless\\server\\services\\users\\models\\transaction.js": {"path":"C:\\Users\\User\\file\\wasteless\\server\\services\\users\\models\\transaction.js","statementMap":{"0":{"start":{"line":2,"column":18},"end":{"line":2,"column":38}},"1":{"start":{"line":3,"column":0},"end":{"line":35,"column":2}},"2":{"start":{"line":12,"column":3},"end":{"line":15,"column":6}},"3":{"start":{"line":16,"column":3},"end":{"line":19,"column":6}},"4":{"start":{"line":22,"column":1},"end":{"line":33,"column":3}},"5":{"start":{"line":34,"column":1},"end":{"line":34,"column":20}}},"fnMap":{"0":{"name":"(anonymous_0)","decl":{"start":{"line":3,"column":17},"end":{"line":3,"column":18}},"loc":{"start":{"line":3,"column":43},"end":{"line":35,"column":1}},"line":3},"1":{"name":"(anonymous_1)","decl":{"start":{"line":10,"column":2},"end":{"line":10,"column":3}},"loc":{"start":{"line":10,"column":27},"end":{"line":20,"column":3}},"line":10}},"branchMap":{},"s":{"0":1,"1":1,"2":1,"3":1,"4":1,"5":1},"f":{"0":1,"1":1},"b":{},"_coverageSchema":"1a1c01bbd47fc00a2c39e90264f33305004495a9","hash":"54ea78ee42b649212ceec7439010f4306f94d87e"}
,"C:\\Users\\User\\file\\wasteless\\server\\services\\users\\models\\user.js": {"path":"C:\\Users\\User\\file\\wasteless\\server\\services\\users\\models\\user.js","statementMap":{"0":{"start":{"line":2,"column":18},"end":{"line":2,"column":38}},"1":{"start":{"line":3,"column":25},"end":{"line":3,"column":53}},"2":{"start":{"line":4,"column":0},"end":{"line":87,"column":2}},"3":{"start":{"line":7,"column":6},"end":{"line":10,"column":9}},"4":{"start":{"line":11,"column":6},"end":{"line":14,"column":9}},"5":{"start":{"line":17,"column":2},"end":{"line":85,"column":4}},"6":{"start":{"line":77,"column":10},"end":{"line":77,"column":62}},"7":{"start":{"line":78,"column":10},"end":{"line":78,"column":31}},"8":{"start":{"line":79,"column":10},"end":{"line":79,"column":30}},"9":{"start":{"line":86,"column":2},"end":{"line":86,"column":14}}},"fnMap":{"0":{"name":"(anonymous_0)","decl":{"start":{"line":4,"column":17},"end":{"line":4,"column":18}},"loc":{"start":{"line":4,"column":43},"end":{"line":87,"column":1}},"line":4},"1":{"name":"(anonymous_1)","decl":{"start":{"line":6,"column":4},"end":{"line":6,"column":5}},"loc":{"start":{"line":6,"column":29},"end":{"line":15,"column":5}},"line":6},"2":{"name":"(anonymous_2)","decl":{"start":{"line":76,"column":22},"end":{"line":76,"column":23}},"loc":{"start":{"line":76,"column":36},"end":{"line":80,"column":9}},"line":76}},"branchMap":{},"s":{"0":1,"1":1,"2":1,"3":1,"4":1,"5":1,"6":3,"7":3,"8":3,"9":1},"f":{"0":1,"1":1,"2":3},"b":{},"_coverageSchema":"1a1c01bbd47fc00a2c39e90264f33305004495a9","hash":"9cfbaf25e32713ed1f5767785f71c56b877524fe"}
,"C:\\Users\\User\\file\\wasteless\\server\\services\\users\\routes\\index.js": {"path":"C:\\Users\\User\\file\\wasteless\\server\\services\\users\\routes\\index.js","statementMap":{"0":{"start":{"line":1,"column":16},"end":{"line":1,"column":34}},"1":{"start":{"line":2,"column":19},"end":{"line":2,"column":60}},"2":{"start":{"line":3,"column":15},"end":{"line":3,"column":31}},"3":{"start":{"line":4,"column":21},"end":{"line":4,"column":59}},"4":{"start":{"line":5,"column":20},"end":{"line":5,"column":44}},"5":{"start":{"line":6,"column":26},"end":{"line":6,"column":56}},"6":{"start":{"line":8,"column":0},"end":{"line":8,"column":32}},"7":{"start":{"line":9,"column":0},"end":{"line":9,"column":44}},"8":{"start":{"line":19,"column":0},"end":{"line":19,"column":25}},"9":{"start":{"line":21,"column":0},"end":{"line":21,"column":24}}},"fnMap":{},"branchMap":{},"s":{"0":1,"1":1,"2":1,"3":1,"4":1,"5":1,"6":1,"7":1,"8":1,"9":1},"f":{},"b":{},"_coverageSchema":"1a1c01bbd47fc00a2c39e90264f33305004495a9","hash":"61eb1f7514c855c96903ae5d64930f5f7969adb8"}
,"C:\\Users\\User\\file\\wasteless\\server\\services\\users\\routes\\transactionRoutes.js": {"path":"C:\\Users\\User\\file\\wasteless\\server\\services\\users\\routes\\transactionRoutes.js","statementMap":{"0":{"start":{"line":1,"column":16},"end":{"line":1,"column":34}},"1":{"start":{"line":2,"column":19},"end":{"line":2,"column":66}},"2":{"start":{"line":3,"column":23},"end":{"line":3,"column":63}},"3":{"start":{"line":4,"column":15},"end":{"line":4,"column":31}},"4":{"start":{"line":6,"column":0},"end":{"line":6,"column":27}},"5":{"start":{"line":7,"column":0},"end":{"line":7,"column":36}},"6":{"start":{"line":9,"column":0},"end":{"line":9,"column":52}},"7":{"start":{"line":10,"column":0},"end":{"line":10,"column":52}},"8":{"start":{"line":12,"column":0},"end":{"line":12,"column":24}}},"fnMap":{},"branchMap":{},"s":{"0":1,"1":1,"2":1,"3":1,"4":1,"5":1,"6":1,"7":1,"8":1},"f":{},"b":{},"_coverageSchema":"1a1c01bbd47fc00a2c39e90264f33305004495a9","hash":"7f73975bf3fb419ebb98030bc39abbb9efe4f72e"}
,"C:\\Users\\User\\file\\wasteless\\server\\services\\users\\routes\\usersRoutes.js": {"path":"C:\\Users\\User\\file\\wasteless\\server\\services\\users\\routes\\usersRoutes.js","statementMap":{"0":{"start":{"line":1,"column":16},"end":{"line":1,"column":34}},"1":{"start":{"line":2,"column":19},"end":{"line":2,"column":60}},"2":{"start":{"line":3,"column":23},"end":{"line":3,"column":63}},"3":{"start":{"line":4,"column":15},"end":{"line":4,"column":31}},"4":{"start":{"line":6,"column":0},"end":{"line":6,"column":44}},"5":{"start":{"line":7,"column":0},"end":{"line":7,"column":50}},"6":{"start":{"line":9,"column":0},"end":{"line":9,"column":40}},"7":{"start":{"line":10,"column":0},"end":{"line":10,"column":43}},"8":{"start":{"line":11,"column":0},"end":{"line":11,"column":27}},"9":{"start":{"line":12,"column":0},"end":{"line":12,"column":47}},"10":{"start":{"line":14,"column":0},"end":{"line":14,"column":24}}},"fnMap":{},"branchMap":{},"s":{"0":1,"1":1,"2":1,"3":1,"4":1,"5":1,"6":1,"7":1,"8":1,"9":1,"10":1},"f":{},"b":{},"_coverageSchema":"1a1c01bbd47fc00a2c39e90264f33305004495a9","hash":"c3d8aa60dcab21e334c8c781ce5453863d02e8cb"}
}
