TN:
SF:app.js
FN:11,(anonymous_0)
FNF:1
FNH:0
FNDA:0,(anonymous_0)
DA:2,2
DA:3,2
DA:4,2
DA:5,2
DA:7,2
DA:8,2
DA:9,2
DA:11,2
DA:12,0
DA:15,2
DA:17,2
LF:11
LH:10
BRF:0
BRH:0
end_of_record
TN:
SF:config\xendit.js
FN:10,(anonymous_0)
FNF:1
FNH:1
FNDA:1,(anonymous_0)
DA:1,2
DA:2,2
DA:7,2
DA:8,2
DA:11,1
DA:20,2
LF:6
LH:6
BRF:0
BRH:0
end_of_record
TN:
SF:controllers\transactionController.js
FN:4,(anonymous_0)
FN:9,(anonymous_1)
FN:55,(anonymous_2)
FN:87,(anonymous_3)
FNF:4
FNH:4
FNDA:3,(anonymous_0)
FNDA:3,(anonymous_1)
FNDA:2,(anonymous_2)
FNDA:2,(anonymous_3)
DA:1,2
DA:5,3
DA:6,3
DA:7,3
DA:8,3
DA:9,3
DA:10,3
DA:11,3
DA:16,3
DA:29,3
DA:30,2
DA:35,1
DA:43,1
DA:46,1
DA:48,2
DA:49,2
DA:51,3
DA:56,2
DA:57,2
DA:60,2
DA:80,1
DA:82,1
DA:83,1
DA:88,2
DA:89,2
DA:90,2
DA:110,1
DA:112,1
DA:117,2
LF:29
LH:29
BRDA:29,0,0,2
BRDA:29,0,1,1
BRF:2
BRH:2
end_of_record
TN:
SF:controllers\usersController.js
FN:6,(anonymous_0)
FN:15,(anonymous_1)
FN:25,(anonymous_2)
FN:44,(anonymous_3)
FN:55,(anonymous_4)
FN:70,(anonymous_5)
FN:96,(anonymous_6)
FN:100,(anonymous_7)
FNF:8
FNH:6
FNDA:1,(anonymous_0)
FNDA:0,(anonymous_1)
FNDA:11,(anonymous_2)
FNDA:1,(anonymous_3)
FNDA:6,(anonymous_4)
FNDA:0,(anonymous_5)
FNDA:1,(anonymous_6)
FNDA:1,(anonymous_7)
DA:1,2
DA:2,2
DA:3,2
DA:4,2
DA:7,1
DA:8,1
DA:10,1
DA:12,0
DA:16,0
DA:17,0
DA:18,0
DA:19,0
DA:21,0
DA:26,11
DA:27,11
DA:28,11
DA:35,1
DA:40,10
DA:45,1
DA:46,1
DA:47,1
DA:49,1
DA:51,0
DA:56,6
DA:57,6
DA:58,6
DA:60,5
DA:61,4
DA:63,1
DA:64,1
DA:66,5
DA:71,0
DA:72,0
DA:73,0
DA:74,0
DA:79,0
DA:89,0
DA:92,0
DA:97,1
DA:98,1
DA:99,1
DA:100,1
DA:101,1
DA:105,1
DA:111,1
DA:113,1
DA:118,0
DA:235,2
LF:48
LH:33
BRDA:60,0,0,4
BRDA:60,0,1,1
BRDA:60,1,0,5
BRDA:60,1,1,2
BRDA:73,2,0,0
BRDA:73,2,1,0
BRF:6
BRH:4
end_of_record
TN:
SF:helpers\bcrypt.js
FN:4,(anonymous_0)
FN:5,(anonymous_1)
FNF:2
FNH:2
FNDA:5,(anonymous_0)
FNDA:2,(anonymous_1)
DA:1,2
DA:2,2
DA:4,5
DA:5,2
DA:7,2
LF:5
LH:5
BRDA:2,0,0,2
BRDA:2,0,1,2
BRF:2
BRH:2
end_of_record
TN:
SF:helpers\jwt.js
FN:4,(anonymous_0)
FN:5,(anonymous_1)
FNF:2
FNH:2
FNDA:3,(anonymous_0)
FNDA:11,(anonymous_1)
DA:1,2
DA:2,2
DA:4,3
DA:5,11
DA:7,2
LF:5
LH:5
BRDA:2,0,0,2
BRDA:2,0,1,2
BRF:2
BRH:2
end_of_record
TN:
SF:middlewares\authentication.js
FN:4,(anonymous_0)
FNF:1
FNH:1
FNDA:14,(anonymous_0)
DA:1,2
DA:2,2
DA:4,2
DA:5,14
DA:6,14
DA:7,14
DA:8,3
DA:10,11
DA:11,8
DA:12,8
DA:15,8
DA:17,6
DA:21,2
LF:13
LH:13
BRDA:7,0,0,3
BRDA:7,0,1,11
BRF:2
BRH:2
end_of_record
TN:
SF:middlewares\errorHandler.js
FN:1,(anonymous_0)
FN:10,(anonymous_1)
FNF:2
FNH:2
FNDA:25,(anonymous_0)
FNDA:11,(anonymous_1)
DA:1,2
DA:2,25
DA:6,25
DA:9,10
DA:10,11
DA:11,10
DA:15,2
DA:16,2
DA:17,2
DA:19,3
DA:20,3
DA:21,3
DA:23,3
DA:24,3
DA:25,3
DA:27,4
DA:28,4
DA:29,4
DA:35,3
DA:36,3
DA:37,3
DA:39,25
DA:42,2
LF:23
LH:23
BRDA:6,0,0,8
BRDA:6,0,1,10
BRDA:6,0,2,2
BRDA:6,0,3,2
BRDA:6,0,4,3
BRDA:6,0,5,3
BRDA:6,0,6,4
BRDA:6,0,7,3
BRF:8
BRH:8
end_of_record
TN:
SF:models\history.js
FN:5,(anonymous_0)
FN:12,(anonymous_1)
FNF:2
FNH:2
FNDA:2,(anonymous_0)
FNDA:2,(anonymous_1)
DA:4,2
DA:5,2
DA:16,2
DA:25,2
LF:4
LH:4
BRF:0
BRH:0
end_of_record
TN:
SF:models\index.js
FN:24,(anonymous_0)
FN:29,(anonymous_1)
FN:37,(anonymous_2)
FNF:3
FNH:3
FNDA:8,(anonymous_0)
FNDA:6,(anonymous_1)
FNDA:6,(anonymous_2)
DA:3,2
DA:4,2
DA:5,2
DA:6,2
DA:7,2
DA:8,2
DA:9,2
DA:12,2
DA:15,2
DA:23,2
DA:25,8
DA:30,6
DA:34,6
DA:37,2
DA:38,6
DA:39,6
DA:43,2
DA:44,2
DA:46,2
LF:19
LH:19
BRDA:7,0,0,2
BRDA:7,0,1,0
BRDA:12,1,0,0
BRDA:12,1,1,2
BRDA:26,2,0,8
BRDA:26,2,1,8
BRDA:26,2,2,6
BRDA:38,3,0,6
BRDA:38,3,1,0
BRF:9
BRH:6
end_of_record
TN:
SF:models\transaction.js
FN:3,(anonymous_0)
FN:10,(anonymous_1)
FNF:2
FNH:2
FNDA:2,(anonymous_0)
FNDA:2,(anonymous_1)
DA:2,2
DA:3,2
DA:12,2
DA:16,2
DA:22,2
DA:34,2
LF:6
LH:6
BRF:0
BRH:0
end_of_record
TN:
SF:models\user.js
FN:4,(anonymous_0)
FN:6,(anonymous_1)
FN:76,(anonymous_2)
FNF:3
FNH:3
FNDA:2,(anonymous_0)
FNDA:2,(anonymous_1)
FNDA:5,(anonymous_2)
DA:2,2
DA:3,2
DA:4,2
DA:7,2
DA:11,2
DA:17,2
DA:77,5
DA:78,5
DA:79,5
DA:86,2
LF:10
LH:10
BRF:0
BRH:0
end_of_record
TN:
SF:routes\index.js
FNF:0
FNH:0
DA:1,2
DA:2,2
DA:3,2
DA:4,2
DA:5,2
DA:6,2
DA:8,2
DA:9,2
DA:19,2
DA:21,2
LF:10
LH:10
BRF:0
BRH:0
end_of_record
TN:
SF:routes\transactionRoutes.js
FNF:0
FNH:0
DA:1,2
DA:2,2
DA:3,2
DA:4,2
DA:6,2
DA:7,2
DA:9,2
DA:10,2
DA:12,2
LF:9
LH:9
BRF:0
BRH:0
end_of_record
TN:
SF:routes\usersRoutes.js
FNF:0
FNH:0
DA:1,2
DA:2,2
DA:3,2
DA:4,2
DA:6,2
DA:7,2
DA:9,2
DA:10,2
DA:11,2
DA:13,2
DA:14,2
DA:16,2
LF:12
LH:12
BRF:0
BRH:0
end_of_record
