{"C:\\Users\\User\\file\\wasteless\\server\\services\\app\\app.js": {"path":"C:\\Users\\User\\file\\wasteless\\server\\services\\app\\app.js","statementMap":{"0":{"start":{"line":1,"column":16},"end":{"line":1,"column":34}},"1":{"start":{"line":2,"column":12},"end":{"line":2,"column":21}},"2":{"start":{"line":3,"column":15},"end":{"line":3,"column":34}},"3":{"start":{"line":5,"column":0},"end":{"line":5,"column":48}},"4":{"start":{"line":6,"column":0},"end":{"line":6,"column":24}},"5":{"start":{"line":7,"column":0},"end":{"line":7,"column":21}},"6":{"start":{"line":9,"column":0},"end":{"line":9,"column":21}}},"fnMap":{},"branchMap":{},"s":{"0":3,"1":3,"2":3,"3":3,"4":3,"5":3,"6":3},"f":{},"b":{},"_coverageSchema":"1a1c01bbd47fc00a2c39e90264f33305004495a9","hash":"f527db7e8ce7ede3ccfc006fee72804e6f406416"}
,"C:\\Users\\User\\file\\wasteless\\server\\services\\app\\controllers\\categoryController.js": {"path":"C:\\Users\\User\\file\\wasteless\\server\\services\\app\\controllers\\categoryController.js","statementMap":{"0":{"start":{"line":1,"column":17},"end":{"line":1,"column":46}},"1":{"start":{"line":5,"column":4},"end":{"line":10,"column":5}},"2":{"start":{"line":6,"column":21},"end":{"line":6,"column":42}},"3":{"start":{"line":7,"column":6},"end":{"line":7,"column":35}},"4":{"start":{"line":9,"column":6},"end":{"line":9,"column":42}},"5":{"start":{"line":13,"column":4},"end":{"line":27,"column":5}},"6":{"start":{"line":14,"column":30},"end":{"line":14,"column":38}},"7":{"start":{"line":15,"column":6},"end":{"line":17,"column":7}},"8":{"start":{"line":16,"column":8},"end":{"line":16,"column":66}},"9":{"start":{"line":18,"column":26},"end":{"line":21,"column":7}},"10":{"start":{"line":22,"column":6},"end":{"line":22,"column":41}},"11":{"start":{"line":24,"column":6},"end":{"line":24,"column":67}},"12":{"start":{"line":26,"column":6},"end":{"line":26,"column":42}},"13":{"start":{"line":30,"column":4},"end":{"line":39,"column":5}},"14":{"start":{"line":31,"column":21},"end":{"line":31,"column":31}},"15":{"start":{"line":32,"column":21},"end":{"line":32,"column":48}},"16":{"start":{"line":33,"column":6},"end":{"line":35,"column":7}},"17":{"start":{"line":34,"column":8},"end":{"line":34,"column":71}},"18":{"start":{"line":36,"column":6},"end":{"line":36,"column":35}},"19":{"start":{"line":38,"column":6},"end":{"line":38,"column":42}},"20":{"start":{"line":42,"column":4},"end":{"line":56,"column":5}},"21":{"start":{"line":43,"column":21},"end":{"line":43,"column":31}},"22":{"start":{"line":44,"column":30},"end":{"line":44,"column":38}},"23":{"start":{"line":45,"column":23},"end":{"line":45,"column":50}},"24":{"start":{"line":46,"column":26},"end":{"line":49,"column":7}},"25":{"start":{"line":50,"column":29},"end":{"line":52,"column":8}},"26":{"start":{"line":53,"column":6},"end":{"line":53,"column":58}},"27":{"start":{"line":55,"column":6},"end":{"line":55,"column":42}},"28":{"start":{"line":59,"column":4},"end":{"line":68,"column":5}},"29":{"start":{"line":60,"column":21},"end":{"line":60,"column":31}},"30":{"start":{"line":61,"column":23},"end":{"line":61,"column":50}},"31":{"start":{"line":62,"column":30},"end":{"line":64,"column":8}},"32":{"start":{"line":65,"column":6},"end":{"line":65,"column":58}},"33":{"start":{"line":67,"column":6},"end":{"line":67,"column":42}},"34":{"start":{"line":72,"column":0},"end":{"line":72,"column":36}}},"fnMap":{"0":{"name":"(anonymous_0)","decl":{"start":{"line":4,"column":2},"end":{"line":4,"column":3}},"loc":{"start":{"line":4,"column":41},"end":{"line":11,"column":3}},"line":4},"1":{"name":"(anonymous_1)","decl":{"start":{"line":12,"column":2},"end":{"line":12,"column":3}},"loc":{"start":{"line":12,"column":37},"end":{"line":28,"column":3}},"line":12},"2":{"name":"(anonymous_2)","decl":{"start":{"line":29,"column":2},"end":{"line":29,"column":3}},"loc":{"start":{"line":29,"column":41},"end":{"line":40,"column":3}},"line":29},"3":{"name":"(anonymous_3)","decl":{"start":{"line":41,"column":2},"end":{"line":41,"column":3}},"loc":{"start":{"line":41,"column":40},"end":{"line":57,"column":3}},"line":41},"4":{"name":"(anonymous_4)","decl":{"start":{"line":58,"column":2},"end":{"line":58,"column":3}},"loc":{"start":{"line":58,"column":40},"end":{"line":69,"column":3}},"line":58}},"branchMap":{"0":{"loc":{"start":{"line":15,"column":6},"end":{"line":17,"column":7}},"type":"if","locations":[{"start":{"line":15,"column":6},"end":{"line":17,"column":7}},{"start":{},"end":{}}],"line":15},"1":{"loc":{"start":{"line":15,"column":10},"end":{"line":15,"column":25}},"type":"binary-expr","locations":[{"start":{"line":15,"column":10},"end":{"line":15,"column":15}},{"start":{"line":15,"column":19},"end":{"line":15,"column":25}}],"line":15},"2":{"loc":{"start":{"line":33,"column":6},"end":{"line":35,"column":7}},"type":"if","locations":[{"start":{"line":33,"column":6},"end":{"line":35,"column":7}},{"start":{},"end":{}}],"line":33}},"s":{"0":3,"1":2,"2":2,"3":1,"4":1,"5":4,"6":4,"7":4,"8":2,"9":2,"10":2,"11":1,"12":1,"13":3,"14":3,"15":3,"16":2,"17":1,"18":1,"19":1,"20":2,"21":2,"22":2,"23":2,"24":1,"25":1,"26":1,"27":1,"28":2,"29":2,"30":2,"31":2,"32":1,"33":1,"34":3},"f":{"0":2,"1":4,"2":3,"3":2,"4":2},"b":{"0":[2,2],"1":[4,3],"2":[1,1]},"_coverageSchema":"1a1c01bbd47fc00a2c39e90264f33305004495a9","hash":"d89b3e7febac050bdaba20ca888a54b22f41d100"}
,"C:\\Users\\User\\file\\wasteless\\server\\services\\app\\controllers\\postController.js": {"path":"C:\\Users\\User\\file\\wasteless\\server\\services\\app\\controllers\\postController.js","statementMap":{"0":{"start":{"line":1,"column":13},"end":{"line":1,"column":38}},"1":{"start":{"line":5,"column":4},"end":{"line":10,"column":5}},"2":{"start":{"line":6,"column":21},"end":{"line":6,"column":38}},"3":{"start":{"line":7,"column":6},"end":{"line":7,"column":35}},"4":{"start":{"line":9,"column":6},"end":{"line":9,"column":42}},"5":{"start":{"line":13,"column":23},"end":{"line":13,"column":33}},"6":{"start":{"line":14,"column":4},"end":{"line":23,"column":5}},"7":{"start":{"line":15,"column":21},"end":{"line":15,"column":48}},"8":{"start":{"line":17,"column":6},"end":{"line":19,"column":7}},"9":{"start":{"line":18,"column":8},"end":{"line":18,"column":67}},"10":{"start":{"line":20,"column":6},"end":{"line":20,"column":35}},"11":{"start":{"line":22,"column":6},"end":{"line":22,"column":42}},"12":{"start":{"line":26,"column":4},"end":{"line":36,"column":5}},"13":{"start":{"line":27,"column":66},"end":{"line":27,"column":74}},"14":{"start":{"line":28,"column":6},"end":{"line":30,"column":7}},"15":{"start":{"line":29,"column":8},"end":{"line":29,"column":66}},"16":{"start":{"line":31,"column":24},"end":{"line":31,"column":75}},"17":{"start":{"line":32,"column":6},"end":{"line":32,"column":35}},"18":{"start":{"line":33,"column":6},"end":{"line":33,"column":63}},"19":{"start":{"line":35,"column":6},"end":{"line":35,"column":42}},"20":{"start":{"line":39,"column":4},"end":{"line":56,"column":5}},"21":{"start":{"line":40,"column":25},"end":{"line":40,"column":35}},"22":{"start":{"line":41,"column":65},"end":{"line":41,"column":73}},"23":{"start":{"line":42,"column":19},"end":{"line":42,"column":46}},"24":{"start":{"line":43,"column":26},"end":{"line":49,"column":7}},"25":{"start":{"line":50,"column":25},"end":{"line":52,"column":8}},"26":{"start":{"line":53,"column":6},"end":{"line":53,"column":58}},"27":{"start":{"line":55,"column":6},"end":{"line":55,"column":42}},"28":{"start":{"line":59,"column":4},"end":{"line":68,"column":5}},"29":{"start":{"line":60,"column":25},"end":{"line":60,"column":35}},"30":{"start":{"line":61,"column":19},"end":{"line":61,"column":46}},"31":{"start":{"line":62,"column":26},"end":{"line":64,"column":8}},"32":{"start":{"line":65,"column":6},"end":{"line":65,"column":58}},"33":{"start":{"line":67,"column":6},"end":{"line":67,"column":42}},"34":{"start":{"line":72,"column":0},"end":{"line":72,"column":32}}},"fnMap":{"0":{"name":"(anonymous_0)","decl":{"start":{"line":4,"column":2},"end":{"line":4,"column":3}},"loc":{"start":{"line":4,"column":36},"end":{"line":11,"column":3}},"line":4},"1":{"name":"(anonymous_1)","decl":{"start":{"line":12,"column":2},"end":{"line":12,"column":3}},"loc":{"start":{"line":12,"column":37},"end":{"line":24,"column":3}},"line":12},"2":{"name":"(anonymous_2)","decl":{"start":{"line":25,"column":2},"end":{"line":25,"column":3}},"loc":{"start":{"line":25,"column":36},"end":{"line":37,"column":3}},"line":25},"3":{"name":"(anonymous_3)","decl":{"start":{"line":38,"column":2},"end":{"line":38,"column":3}},"loc":{"start":{"line":38,"column":36},"end":{"line":57,"column":3}},"line":38},"4":{"name":"(anonymous_4)","decl":{"start":{"line":58,"column":2},"end":{"line":58,"column":3}},"loc":{"start":{"line":58,"column":36},"end":{"line":69,"column":3}},"line":58}},"branchMap":{"0":{"loc":{"start":{"line":17,"column":6},"end":{"line":19,"column":7}},"type":"if","locations":[{"start":{"line":17,"column":6},"end":{"line":19,"column":7}},{"start":{},"end":{}}],"line":17},"1":{"loc":{"start":{"line":28,"column":6},"end":{"line":30,"column":7}},"type":"if","locations":[{"start":{"line":28,"column":6},"end":{"line":30,"column":7}},{"start":{},"end":{}}],"line":28},"2":{"loc":{"start":{"line":28,"column":10},"end":{"line":28,"column":70}},"type":"binary-expr","locations":[{"start":{"line":28,"column":10},"end":{"line":28,"column":16}},{"start":{"line":28,"column":20},"end":{"line":28,"column":30}},{"start":{"line":28,"column":34},"end":{"line":28,"column":46}},{"start":{"line":28,"column":50},"end":{"line":28,"column":59}},{"start":{"line":28,"column":63},"end":{"line":28,"column":70}}],"line":28}},"s":{"0":3,"1":2,"2":2,"3":1,"4":1,"5":3,"6":3,"7":3,"8":2,"9":1,"10":1,"11":1,"12":7,"13":7,"14":7,"15":5,"16":2,"17":2,"18":1,"19":1,"20":2,"21":2,"22":2,"23":2,"24":1,"25":1,"26":1,"27":1,"28":2,"29":2,"30":2,"31":2,"32":1,"33":1,"34":3},"f":{"0":2,"1":3,"2":7,"3":2,"4":2},"b":{"0":[1,1],"1":[5,2],"2":[7,6,5,4,3]},"_coverageSchema":"1a1c01bbd47fc00a2c39e90264f33305004495a9","hash":"2eb9542521ce744e26603e36c06626ce10da8432"}
,"C:\\Users\\User\\file\\wasteless\\server\\services\\app\\controllers\\search.js": {"path":"C:\\Users\\User\\file\\wasteless\\server\\services\\app\\controllers\\search.js","statementMap":{"0":{"start":{"line":1,"column":13},"end":{"line":1,"column":38}},"1":{"start":{"line":5,"column":4},"end":{"line":35,"column":5}},"2":{"start":{"line":6,"column":21},"end":{"line":6,"column":43}},"3":{"start":{"line":7,"column":17},"end":{"line":7,"column":31}},"4":{"start":{"line":8,"column":21},"end":{"line":8,"column":53}},"5":{"start":{"line":10,"column":30},"end":{"line":10,"column":66}},"6":{"start":{"line":24,"column":23},"end":{"line":29,"column":35}},"7":{"start":{"line":31,"column":6},"end":{"line":31,"column":37}},"8":{"start":{"line":33,"column":6},"end":{"line":33,"column":38}},"9":{"start":{"line":34,"column":6},"end":{"line":34,"column":42}},"10":{"start":{"line":39,"column":0},"end":{"line":39,"column":34}}},"fnMap":{"0":{"name":"(anonymous_0)","decl":{"start":{"line":4,"column":2},"end":{"line":4,"column":3}},"loc":{"start":{"line":4,"column":39},"end":{"line":36,"column":3}},"line":4}},"branchMap":{"0":{"loc":{"start":{"line":6,"column":21},"end":{"line":6,"column":43}},"type":"binary-expr","locations":[{"start":{"line":6,"column":21},"end":{"line":6,"column":37}},{"start":{"line":6,"column":41},"end":{"line":6,"column":43}}],"line":6},"1":{"loc":{"start":{"line":8,"column":21},"end":{"line":8,"column":53}},"type":"binary-expr","locations":[{"start":{"line":8,"column":21},"end":{"line":8,"column":39}},{"start":{"line":8,"column":43},"end":{"line":8,"column":53}}],"line":8}},"s":{"0":3,"1":1,"2":1,"3":1,"4":1,"5":1,"6":1,"7":0,"8":1,"9":1,"10":3},"f":{"0":1},"b":{"0":[1,1],"1":[1,1]},"_coverageSchema":"1a1c01bbd47fc00a2c39e90264f33305004495a9","hash":"2b6315a2e7ea37455e990a35dc93b9b33974b407"}
,"C:\\Users\\User\\file\\wasteless\\server\\services\\app\\models\\category.js": {"path":"C:\\Users\\User\\file\\wasteless\\server\\services\\app\\models\\category.js","statementMap":{"0":{"start":{"line":1,"column":17},"end":{"line":1,"column":36}},"1":{"start":{"line":3,"column":23},"end":{"line":12,"column":2}},"2":{"start":{"line":14,"column":17},"end":{"line":14,"column":59}},"3":{"start":{"line":16,"column":0},"end":{"line":16,"column":26}}},"fnMap":{},"branchMap":{},"s":{"0":3,"1":3,"2":3,"3":3},"f":{},"b":{},"_coverageSchema":"1a1c01bbd47fc00a2c39e90264f33305004495a9","hash":"f19396a6fc02b13309780f68be6f8bd9c18ed3c9"}
,"C:\\Users\\User\\file\\wasteless\\server\\services\\app\\models\\post.js": {"path":"C:\\Users\\User\\file\\wasteless\\server\\services\\app\\models\\post.js","statementMap":{"0":{"start":{"line":1,"column":17},"end":{"line":1,"column":36}},"1":{"start":{"line":3,"column":19},"end":{"line":24,"column":2}},"2":{"start":{"line":26,"column":13},"end":{"line":26,"column":48}},"3":{"start":{"line":28,"column":0},"end":{"line":28,"column":22}}},"fnMap":{},"branchMap":{},"s":{"0":3,"1":3,"2":3,"3":3},"f":{},"b":{},"_coverageSchema":"1a1c01bbd47fc00a2c39e90264f33305004495a9","hash":"317f1b1945b9c27571022cd43dc688638f596a9b"}
,"C:\\Users\\User\\file\\wasteless\\server\\services\\app\\routes\\category.js": {"path":"C:\\Users\\User\\file\\wasteless\\server\\services\\app\\routes\\category.js","statementMap":{"0":{"start":{"line":1,"column":27},"end":{"line":1,"column":71}},"1":{"start":{"line":2,"column":15},"end":{"line":2,"column":42}},"2":{"start":{"line":4,"column":0},"end":{"line":4,"column":52}},"3":{"start":{"line":5,"column":0},"end":{"line":5,"column":49}},"4":{"start":{"line":6,"column":0},"end":{"line":6,"column":55}},"5":{"start":{"line":7,"column":0},"end":{"line":7,"column":56}},"6":{"start":{"line":8,"column":0},"end":{"line":8,"column":57}},"7":{"start":{"line":10,"column":0},"end":{"line":10,"column":24}}},"fnMap":{},"branchMap":{},"s":{"0":3,"1":3,"2":3,"3":3,"4":3,"5":3,"6":3,"7":3},"f":{},"b":{},"_coverageSchema":"1a1c01bbd47fc00a2c39e90264f33305004495a9","hash":"1a467532b2c153db21c7fe42236fd42191e9bd0c"}
,"C:\\Users\\User\\file\\wasteless\\server\\services\\app\\routes\\index.js": {"path":"C:\\Users\\User\\file\\wasteless\\server\\services\\app\\routes\\index.js","statementMap":{"0":{"start":{"line":1,"column":15},"end":{"line":1,"column":42}},"1":{"start":{"line":2,"column":13},"end":{"line":2,"column":30}},"2":{"start":{"line":3,"column":17},"end":{"line":3,"column":38}},"3":{"start":{"line":4,"column":15},"end":{"line":4,"column":34}},"4":{"start":{"line":6,"column":0},"end":{"line":6,"column":27}},"5":{"start":{"line":7,"column":0},"end":{"line":7,"column":36}},"6":{"start":{"line":8,"column":0},"end":{"line":8,"column":30}},"7":{"start":{"line":10,"column":0},"end":{"line":10,"column":24}}},"fnMap":{},"branchMap":{},"s":{"0":3,"1":3,"2":3,"3":3,"4":3,"5":3,"6":3,"7":3},"f":{},"b":{},"_coverageSchema":"1a1c01bbd47fc00a2c39e90264f33305004495a9","hash":"9816741e12bef12c98d4518d7eef1941d44b5afe"}
,"C:\\Users\\User\\file\\wasteless\\server\\services\\app\\routes\\post.js": {"path":"C:\\Users\\User\\file\\wasteless\\server\\services\\app\\routes\\post.js","statementMap":{"0":{"start":{"line":1,"column":23},"end":{"line":1,"column":63}},"1":{"start":{"line":2,"column":15},"end":{"line":2,"column":42}},"2":{"start":{"line":4,"column":0},"end":{"line":4,"column":43}},"3":{"start":{"line":5,"column":0},"end":{"line":5,"column":44}},"4":{"start":{"line":6,"column":0},"end":{"line":6,"column":51}},"5":{"start":{"line":7,"column":0},"end":{"line":7,"column":52}},"6":{"start":{"line":8,"column":0},"end":{"line":8,"column":53}},"7":{"start":{"line":9,"column":0},"end":{"line":9,"column":15}},"8":{"start":{"line":11,"column":0},"end":{"line":11,"column":24}}},"fnMap":{},"branchMap":{},"s":{"0":3,"1":3,"2":3,"3":3,"4":3,"5":3,"6":3,"7":3,"8":3},"f":{},"b":{},"_coverageSchema":"1a1c01bbd47fc00a2c39e90264f33305004495a9","hash":"17c408ad6d21639703d504f59d7cdb9bee9b372a"}
,"C:\\Users\\User\\file\\wasteless\\server\\services\\app\\routes\\search.js": {"path":"C:\\Users\\User\\file\\wasteless\\server\\services\\app\\routes\\search.js","statementMap":{"0":{"start":{"line":1,"column":15},"end":{"line":1,"column":47}},"1":{"start":{"line":2,"column":15},"end":{"line":2,"column":42}},"2":{"start":{"line":4,"column":0},"end":{"line":4,"column":38}},"3":{"start":{"line":6,"column":0},"end":{"line":6,"column":24}}},"fnMap":{},"branchMap":{},"s":{"0":3,"1":3,"2":3,"3":3},"f":{},"b":{},"_coverageSchema":"1a1c01bbd47fc00a2c39e90264f33305004495a9","hash":"c1feb279754008d2e9fb7e3ce2b8529412473f1c"}
}
