TN:
SF:app.js
FNF:0
FNH:0
DA:1,1
DA:2,1
DA:3,1
DA:4,1
DA:6,1
DA:7,1
DA:8,1
DA:9,1
DA:11,1
LF:9
LH:9
BRF:0
BRH:0
end_of_record
TN:
SF:controllers\appointmentController.js
FN:6,(anonymous_0)
FN:33,(anonymous_1)
FN:40,(anonymous_2)
FNF:3
FNH:1
FNDA:1,(anonymous_0)
FNDA:0,(anonymous_1)
FNDA:0,(anonymous_2)
DA:1,1
DA:2,1
DA:3,1
DA:7,1
DA:8,1
DA:9,1
DA:11,1
DA:17,1
DA:19,1
DA:27,1
DA:28,1
DA:29,1
DA:31,0
DA:32,0
DA:33,0
DA:35,0
DA:37,0
DA:42,0
DA:43,0
DA:47,1
LF:20
LH:13
BRDA:28,0,0,1
BRDA:28,0,1,0
BRDA:28,1,0,1
BRDA:28,1,1,1
BRDA:28,1,2,1
BRDA:28,1,3,0
BRDA:28,1,4,0
BRF:7
BRH:4
end_of_record
TN:
SF:controllers\categoryController.js
FN:4,(anonymous_0)
FN:18,(anonymous_1)
FN:35,(anonymous_2)
FN:47,(anonymous_3)
FN:64,(anonymous_4)
FNF:5
FNH:0
FNDA:0,(anonymous_0)
FNDA:0,(anonymous_1)
FNDA:0,(anonymous_2)
FNDA:0,(anonymous_3)
FNDA:0,(anonymous_4)
DA:1,1
DA:5,0
DA:6,0
DA:7,0
DA:11,0
DA:12,0
DA:13,0
DA:15,0
DA:19,0
DA:20,0
DA:21,0
DA:22,0
DA:24,0
DA:28,0
DA:30,0
DA:32,0
DA:36,0
DA:37,0
DA:38,0
DA:39,0
DA:40,0
DA:42,0
DA:44,0
DA:48,0
DA:49,0
DA:50,0
DA:51,0
DA:52,0
DA:56,0
DA:59,0
DA:61,0
DA:65,0
DA:66,0
DA:67,0
DA:68,0
DA:71,0
DA:73,0
DA:78,1
LF:38
LH:2
BRDA:21,0,0,0
BRDA:21,0,1,0
BRDA:21,1,0,0
BRDA:21,1,1,0
BRDA:39,2,0,0
BRDA:39,2,1,0
BRF:6
BRH:0
end_of_record
TN:
SF:controllers\postController.js
FN:5,(anonymous_0)
FN:22,(anonymous_1)
FN:35,(anonymous_2)
FN:71,(anonymous_3)
FN:87,(anonymous_4)
FNF:5
FNH:0
FNDA:0,(anonymous_0)
FNDA:0,(anonymous_1)
FNDA:0,(anonymous_2)
FNDA:0,(anonymous_3)
FNDA:0,(anonymous_4)
DA:1,1
DA:2,1
DA:6,0
DA:7,0
DA:8,0
DA:9,0
DA:10,0
DA:14,0
DA:15,0
DA:16,0
DA:17,0
DA:19,0
DA:23,0
DA:24,0
DA:25,0
DA:27,0
DA:28,0
DA:30,0
DA:32,0
DA:36,0
DA:47,0
DA:48,0
DA:49,0
DA:50,0
DA:53,0
DA:64,0
DA:65,0
DA:66,0
DA:68,0
DA:72,0
DA:73,0
DA:75,0
DA:76,0
DA:79,0
DA:82,0
DA:84,0
DA:88,0
DA:89,0
DA:90,0
DA:91,0
DA:94,0
DA:96,0
DA:101,1
LF:43
LH:3
BRDA:9,0,0,0
BRDA:9,0,1,0
BRDA:27,1,0,0
BRDA:27,1,1,0
BRDA:49,2,0,0
BRDA:49,2,1,0
BRDA:49,3,0,0
BRDA:49,3,1,0
BRDA:49,3,2,0
BRDA:49,3,3,0
BRDA:49,3,4,0
BRF:11
BRH:0
end_of_record
TN:
SF:controllers\search.js
FN:4,(anonymous_0)
FNF:1
FNH:0
FNDA:0,(anonymous_0)
DA:1,1
DA:5,0
DA:6,0
DA:7,0
DA:8,0
DA:10,0
DA:24,0
DA:31,0
DA:33,0
DA:34,0
DA:39,1
LF:11
LH:2
BRDA:6,0,0,0
BRDA:6,0,1,0
BRDA:8,1,0,0
BRDA:8,1,1,0
BRF:4
BRH:0
end_of_record
TN:
SF:helpers\nodemailer.js
FN:4,SendEmail
FNF:1
FNH:1
FNDA:1,SendEmail
DA:1,1
DA:2,1
DA:5,1
DA:6,1
DA:15,1
DA:25,0
DA:29,1
LF:7
LH:6
BRF:0
BRH:0
end_of_record
TN:
SF:models\appointment.js
FNF:0
FNH:0
DA:1,1
DA:2,1
DA:4,1
DA:33,1
DA:35,1
LF:5
LH:5
BRF:0
BRH:0
end_of_record
TN:
SF:models\category.js
FNF:0
FNH:0
DA:1,1
DA:3,1
DA:14,1
DA:16,1
LF:4
LH:4
BRF:0
BRH:0
end_of_record
TN:
SF:models\post.js
FNF:0
FNH:0
DA:1,1
DA:3,1
DA:45,1
DA:47,1
LF:4
LH:4
BRF:0
BRH:0
end_of_record
TN:
SF:models\slot.js
FNF:0
FNH:0
DA:1,1
DA:3,1
DA:18,1
DA:20,1
LF:4
LH:4
BRF:0
BRH:0
end_of_record
TN:
SF:routes\appointment.js
FNF:0
FNH:0
DA:1,1
DA:2,1
DA:4,1
DA:6,1
DA:7,1
DA:9,1
LF:6
LH:6
BRF:0
BRH:0
end_of_record
TN:
SF:routes\category.js
FNF:0
FNH:0
DA:1,1
DA:2,1
DA:4,1
DA:5,1
DA:6,1
DA:7,1
DA:8,1
DA:10,1
LF:8
LH:8
BRF:0
BRH:0
end_of_record
TN:
SF:routes\index.js
FNF:0
FNH:0
DA:1,1
DA:2,1
DA:3,1
DA:4,1
DA:5,1
DA:7,1
DA:8,1
DA:9,1
DA:10,1
DA:12,1
LF:10
LH:10
BRF:0
BRH:0
end_of_record
TN:
SF:routes\post.js
FNF:0
FNH:0
DA:1,1
DA:2,1
DA:4,1
DA:5,1
DA:6,1
DA:7,1
DA:8,1
DA:10,1
LF:8
LH:8
BRF:0
BRH:0
end_of_record
TN:
SF:routes\search.js
FNF:0
FNH:0
DA:1,1
DA:2,1
DA:4,1
DA:6,1
LF:4
LH:4
BRF:0
BRH:0
end_of_record
