TN:
SF:app.js
FNF:0
FNH:0
DA:1,2
DA:2,2
DA:3,2
DA:5,2
DA:6,2
DA:7,2
DA:9,2
LF:7
LH:7
BRF:0
BRH:0
end_of_record
TN:
SF:controllers\categoryController.js
FN:4,(anonymous_0)
FN:12,(anonymous_1)
FN:29,(anonymous_2)
FN:41,(anonymous_3)
FN:58,(anonymous_4)
FNF:5
FNH:5
FNDA:2,(anonymous_0)
FNDA:4,(anonymous_1)
FNDA:3,(anonymous_2)
FNDA:2,(anonymous_3)
FNDA:2,(anonymous_4)
DA:1,2
DA:5,2
DA:6,2
DA:7,1
DA:9,1
DA:13,4
DA:14,4
DA:15,4
DA:16,2
DA:18,2
DA:22,2
DA:24,1
DA:26,1
DA:30,3
DA:31,3
DA:32,3
DA:33,2
DA:34,1
DA:36,1
DA:38,1
DA:42,2
DA:43,2
DA:44,2
DA:45,2
DA:46,1
DA:50,1
DA:53,1
DA:55,1
DA:59,2
DA:60,2
DA:61,2
DA:62,2
DA:65,1
DA:67,1
DA:72,2
LF:35
LH:35
BRDA:15,0,0,2
BRDA:15,0,1,2
BRDA:15,1,0,4
BRDA:15,1,1,3
BRDA:33,2,0,1
BRDA:33,2,1,1
BRF:6
BRH:6
end_of_record
TN:
SF:controllers\postController.js
FN:4,(anonymous_0)
FN:12,(anonymous_1)
FN:25,(anonymous_2)
FN:38,(anonymous_3)
FN:58,(anonymous_4)
FNF:5
FNH:5
FNDA:2,(anonymous_0)
FNDA:3,(anonymous_1)
FNDA:7,(anonymous_2)
FNDA:2,(anonymous_3)
FNDA:2,(anonymous_4)
DA:1,2
DA:5,2
DA:6,2
DA:7,1
DA:9,1
DA:13,3
DA:14,3
DA:15,3
DA:17,2
DA:18,1
DA:20,1
DA:22,1
DA:26,7
DA:27,7
DA:28,7
DA:29,5
DA:31,2
DA:32,2
DA:33,1
DA:35,1
DA:39,2
DA:40,2
DA:41,2
DA:42,2
DA:43,1
DA:50,1
DA:53,1
DA:55,1
DA:59,2
DA:60,2
DA:61,2
DA:62,2
DA:65,1
DA:67,1
DA:72,2
LF:35
LH:35
BRDA:17,0,0,1
BRDA:17,0,1,1
BRDA:28,1,0,5
BRDA:28,1,1,2
BRDA:28,2,0,7
BRDA:28,2,1,6
BRDA:28,2,2,5
BRDA:28,2,3,4
BRDA:28,2,4,3
BRF:9
BRH:9
end_of_record
TN:
SF:models\category.js
FNF:0
FNH:0
DA:1,2
DA:3,2
DA:14,2
DA:16,2
LF:4
LH:4
BRF:0
BRH:0
end_of_record
TN:
SF:models\post.js
FNF:0
FNH:0
DA:1,2
DA:3,2
DA:26,2
DA:28,2
LF:4
LH:4
BRF:0
BRH:0
end_of_record
TN:
SF:routes\category.js
FNF:0
FNH:0
DA:1,2
DA:2,2
DA:4,2
DA:5,2
DA:6,2
DA:7,2
DA:8,2
DA:10,2
LF:8
LH:8
BRF:0
BRH:0
end_of_record
TN:
SF:routes\index.js
FNF:0
FNH:0
DA:1,2
DA:2,2
DA:3,2
DA:5,2
DA:6,2
DA:8,2
LF:6
LH:6
BRF:0
BRH:0
end_of_record
TN:
SF:routes\post.js
FNF:0
FNH:0
DA:1,2
DA:2,2
DA:4,2
DA:5,2
DA:6,2
DA:7,2
DA:8,2
DA:9,2
DA:11,2
LF:9
LH:9
BRF:0
BRH:0
end_of_record
